This file contains any messages produced by compilers while
running configure, to aid debugging if configure makes a mistake.

It was created by enigma configure 1.21, which was
generated by GNU Autoconf 2.68.  Invocation command line was

  $ ./configure --build=x86_64 --host=mipsel-buildroot-linux-uclibc --includedir=/opt/buildroot/output/host/usr/mipsel-buildroot-linux-uclibc/sysroot/usr/include --prefix=/opt/buildroot/output/host/usr/mipsel-buildroot-linux-uclibc/sysroot/usr --sysconfdir=/opt/buildroot/output/host/etc --with-sysroot=/opt/buildroot/output/host/usr/mipsel-buildroot-linux-uclibc/sysroot --with-sdl-exec-prefix=/opt/buildroot/output/host/usr/mipsel-buildroot-linux-uclibc/sysroot/usr

## --------- ##
## Platform. ##
## --------- ##

hostname = onodera-PC
uname -m = x86_64
uname -r = 4.19.104-microsoft-standard
uname -s = Linux
uname -v = #1 SMP Wed Feb 19 06:37:35 UTC 2020

/usr/bin/uname -p = x86_64
/bin/uname -X     = unknown

/bin/arch              = x86_64
/usr/bin/arch -k       = unknown
/usr/convex/getsysinfo = unknown
/usr/bin/hostinfo      = unknown
/bin/machine           = unknown
/usr/bin/oslevel       = unknown
/bin/universe          = unknown

PATH: /opt/buildroot/output/host/bin
PATH: /opt/buildroot/output/host/mipsel-RetroFW-linux-uclibc/sysroot/usr/bin
PATH: /usr/local/sbin
PATH: /usr/local/bin
PATH: /usr/sbin
PATH: /usr/bin
PATH: /sbin
PATH: /bin
PATH: /usr/games
PATH: /usr/local/games
PATH: /snap/bin


## ----------- ##
## Core tests. ##
## ----------- ##

configure:2531: checking build system type
configure:2545: result: x86_64-pc-none
configure:2565: checking host system type
configure:2578: result: mipsel-buildroot-linux-uclibc
configure:2598: checking target system type
configure:2611: result: mipsel-buildroot-linux-uclibc
configure:2656: checking for a BSD-compatible install
configure:2724: result: /usr/bin/install -c
configure:2735: checking whether build environment is sane
configure:2785: result: yes
configure:2834: checking for mipsel-buildroot-linux-uclibc-strip
configure:2850: found /opt/buildroot/output/host/bin/mipsel-buildroot-linux-uclibc-strip
configure:2861: result: mipsel-buildroot-linux-uclibc-strip
configure:2926: checking for a thread-safe mkdir -p
configure:2965: result: /usr/bin/mkdir -p
configure:2978: checking for gawk
configure:2994: found /usr/bin/gawk
configure:3005: result: gawk
configure:3016: checking whether make sets $(MAKE)
configure:3038: result: yes
configure:3123: checking for style of include used by make
configure:3151: result: GNU
configure:3182: checking for mipsel-buildroot-linux-uclibc-gcc
configure:3198: found /opt/buildroot/output/host/bin/mipsel-buildroot-linux-uclibc-gcc
configure:3209: result: mipsel-buildroot-linux-uclibc-gcc
configure:3478: checking for C compiler version
configure:3487: mipsel-buildroot-linux-uclibc-gcc --version >&5
mipsel-buildroot-linux-uclibc-gcc.br_real (Buildroot 2018.02.9) 6.4.0
Copyright (C) 2017 Free Software Foundation, Inc.
This is free software; see the source for copying conditions.  There is NO
warranty; not even for MERCHANTABILITY or FITNESS FOR A PARTICULAR PURPOSE.

configure:3498: $? = 0
configure:3487: mipsel-buildroot-linux-uclibc-gcc -v >&5
Using built-in specs.
COLLECT_GCC=/opt/buildroot/output/host/bin/mipsel-buildroot-linux-uclibc-gcc.br_real
COLLECT_LTO_WRAPPER=/opt/buildroot/output/host/libexec/gcc/mipsel-buildroot-linux-uclibc/6.4.0/lto-wrapper
Target: mipsel-buildroot-linux-uclibc
Configured with: ./configure --prefix=/opt/buildroot/output/host --sysconfdir=/opt/buildroot/output/host/etc --enable-static --target=mipsel-buildroot-linux-uclibc --with-sysroot=/opt/buildroot/output/host/mipsel-buildroot-linux-uclibc/sysroot --disable-__cxa_atexit --with-gnu-ld --disable-libssp --disable-multilib --with-gmp=/opt/buildroot/output/host --with-mpc=/opt/buildroot/output/host --with-mpfr=/opt/buildroot/output/host --with-pkgversion='Buildroot 2018.02.9' --with-bugurl=http://bugs.buildroot.net/ --disable-libquadmath --disable-libsanitizer --enable-tls --disable-libmudflap --enable-threads --without-isl --without-cloog --disable-decimal-float --with-arch=mips32 --with-abi=32 --with-nan=legacy --with-fp-32=xx --enable-languages=c,c++ --with-build-time-tools=/opt/buildroot/output/host/mipsel-buildroot-linux-uclibc/bin --enable-shared --disable-libgomp
Thread model: posix
gcc version 6.4.0 (Buildroot 2018.02.9) 
configure:3498: $? = 0
configure:3487: mipsel-buildroot-linux-uclibc-gcc -V >&5
mipsel-buildroot-linux-uclibc-gcc.br_real: error: unrecognized command line option '-V'
mipsel-buildroot-linux-uclibc-gcc.br_real: fatal error: no input files
compilation terminated.
configure:3498: $? = 1
configure:3487: mipsel-buildroot-linux-uclibc-gcc -qversion >&5
mipsel-buildroot-linux-uclibc-gcc.br_real: error: unrecognized command line option '-qversion'; did you mean '--version'?
mipsel-buildroot-linux-uclibc-gcc.br_real: fatal error: no input files
compilation terminated.
configure:3498: $? = 1
configure:3518: checking whether the C compiler works
configure:3540: mipsel-buildroot-linux-uclibc-gcc    conftest.c  >&5
configure:3544: $? = 0
configure:3592: result: yes
configure:3595: checking for C compiler default output file name
configure:3597: result: a.out
configure:3603: checking for suffix of executables
configure:3610: mipsel-buildroot-linux-uclibc-gcc -o conftest    conftest.c  >&5
configure:3614: $? = 0
configure:3636: result: 
configure:3658: checking whether we are cross compiling
configure:3696: result: yes
configure:3701: checking for suffix of object files
configure:3723: mipsel-buildroot-linux-uclibc-gcc -c   conftest.c >&5
configure:3727: $? = 0
configure:3748: result: o
configure:3752: checking whether we are using the GNU C compiler
configure:3771: mipsel-buildroot-linux-uclibc-gcc -c   conftest.c >&5
configure:3771: $? = 0
configure:3780: result: yes
configure:3789: checking whether mipsel-buildroot-linux-uclibc-gcc accepts -g
configure:3809: mipsel-buildroot-linux-uclibc-gcc -c -g  conftest.c >&5
configure:3809: $? = 0
configure:3850: result: yes
configure:3867: checking for mipsel-buildroot-linux-uclibc-gcc option to accept ISO C89
configure:3931: mipsel-buildroot-linux-uclibc-gcc  -c -g -O2  conftest.c >&5
configure:3931: $? = 0
configure:3944: result: none needed
configure:3966: checking dependency style of mipsel-buildroot-linux-uclibc-gcc
configure:4077: result: gcc3
configure:4098: checking how to run the C preprocessor
configure:4129: mipsel-buildroot-linux-uclibc-gcc -E  conftest.c
configure:4129: $? = 0
configure:4143: mipsel-buildroot-linux-uclibc-gcc -E  conftest.c
conftest.c:9:28: fatal error: ac_nonexistent.h: No such file or directory
 #include <ac_nonexistent.h>
                            ^
compilation terminated.
configure:4143: $? = 1
configure: failed program was:
| /* confdefs.h */
| #define PACKAGE_NAME "enigma"
| #define PACKAGE_TARNAME "enigma"
| #define PACKAGE_VERSION "1.21"
| #define PACKAGE_STRING "enigma 1.21"
| #define PACKAGE_BUGREPORT ""
| #define PACKAGE_URL ""
| /* end confdefs.h.  */
| #include <ac_nonexistent.h>
configure:4168: result: mipsel-buildroot-linux-uclibc-gcc -E
configure:4188: mipsel-buildroot-linux-uclibc-gcc -E  conftest.c
configure:4188: $? = 0
configure:4202: mipsel-buildroot-linux-uclibc-gcc -E  conftest.c
conftest.c:9:28: fatal error: ac_nonexistent.h: No such file or directory
 #include <ac_nonexistent.h>
                            ^
compilation terminated.
configure:4202: $? = 1
configure: failed program was:
| /* confdefs.h */
| #define PACKAGE_NAME "enigma"
| #define PACKAGE_TARNAME "enigma"
| #define PACKAGE_VERSION "1.21"
| #define PACKAGE_STRING "enigma 1.21"
| #define PACKAGE_BUGREPORT ""
| #define PACKAGE_URL ""
| /* end confdefs.h.  */
| #include <ac_nonexistent.h>
configure:4231: checking for grep that handles long lines and -e
configure:4289: result: /usr/bin/grep
configure:4294: checking for egrep
configure:4356: result: /usr/bin/grep -E
configure:4361: checking for ANSI C header files
configure:4381: mipsel-buildroot-linux-uclibc-gcc -c -g -O2  conftest.c >&5
configure:4381: $? = 0
configure:4465: result: yes
configure:4478: checking for sys/types.h
configure:4478: mipsel-buildroot-linux-uclibc-gcc -c -g -O2  conftest.c >&5
configure:4478: $? = 0
configure:4478: result: yes
configure:4478: checking for sys/stat.h
configure:4478: mipsel-buildroot-linux-uclibc-gcc -c -g -O2  conftest.c >&5
configure:4478: $? = 0
configure:4478: result: yes
configure:4478: checking for stdlib.h
configure:4478: mipsel-buildroot-linux-uclibc-gcc -c -g -O2  conftest.c >&5
configure:4478: $? = 0
configure:4478: result: yes
configure:4478: checking for string.h
configure:4478: mipsel-buildroot-linux-uclibc-gcc -c -g -O2  conftest.c >&5
configure:4478: $? = 0
configure:4478: result: yes
configure:4478: checking for memory.h
configure:4478: mipsel-buildroot-linux-uclibc-gcc -c -g -O2  conftest.c >&5
configure:4478: $? = 0
configure:4478: result: yes
configure:4478: checking for strings.h
configure:4478: mipsel-buildroot-linux-uclibc-gcc -c -g -O2  conftest.c >&5
configure:4478: $? = 0
configure:4478: result: yes
configure:4478: checking for inttypes.h
configure:4478: mipsel-buildroot-linux-uclibc-gcc -c -g -O2  conftest.c >&5
configure:4478: $? = 0
configure:4478: result: yes
configure:4478: checking for stdint.h
configure:4478: mipsel-buildroot-linux-uclibc-gcc -c -g -O2  conftest.c >&5
configure:4478: $? = 0
configure:4478: result: yes
configure:4478: checking for unistd.h
configure:4478: mipsel-buildroot-linux-uclibc-gcc -c -g -O2  conftest.c >&5
configure:4478: $? = 0
configure:4478: result: yes
configure:4491: checking minix/config.h usability
configure:4491: mipsel-buildroot-linux-uclibc-gcc -c -g -O2  conftest.c >&5
conftest.c:52:26: fatal error: minix/config.h: No such file or directory
 #include <minix/config.h>
                          ^
compilation terminated.
configure:4491: $? = 1
configure: failed program was:
| /* confdefs.h */
| #define PACKAGE_NAME "enigma"
| #define PACKAGE_TARNAME "enigma"
| #define PACKAGE_VERSION "1.21"
| #define PACKAGE_STRING "enigma 1.21"
| #define PACKAGE_BUGREPORT ""
| #define PACKAGE_URL ""
| #define STDC_HEADERS 1
| #define HAVE_SYS_TYPES_H 1
| #define HAVE_SYS_STAT_H 1
| #define HAVE_STDLIB_H 1
| #define HAVE_STRING_H 1
| #define HAVE_MEMORY_H 1
| #define HAVE_STRINGS_H 1
| #define HAVE_INTTYPES_H 1
| #define HAVE_STDINT_H 1
| #define HAVE_UNISTD_H 1
| /* end confdefs.h.  */
| #include <stdio.h>
| #ifdef HAVE_SYS_TYPES_H
| # include <sys/types.h>
| #endif
| #ifdef HAVE_SYS_STAT_H
| # include <sys/stat.h>
| #endif
| #ifdef STDC_HEADERS
| # include <stdlib.h>
| # include <stddef.h>
| #else
| # ifdef HAVE_STDLIB_H
| #  include <stdlib.h>
| # endif
| #endif
| #ifdef HAVE_STRING_H
| # if !defined STDC_HEADERS && defined HAVE_MEMORY_H
| #  include <memory.h>
| # endif
| # include <string.h>
| #endif
| #ifdef HAVE_STRINGS_H
| # include <strings.h>
| #endif
| #ifdef HAVE_INTTYPES_H
| # include <inttypes.h>
| #endif
| #ifdef HAVE_STDINT_H
| # include <stdint.h>
| #endif
| #ifdef HAVE_UNISTD_H
| # include <unistd.h>
| #endif
| #include <minix/config.h>
configure:4491: result: no
configure:4491: checking minix/config.h presence
configure:4491: mipsel-buildroot-linux-uclibc-gcc -E  conftest.c
conftest.c:19:26: fatal error: minix/config.h: No such file or directory
 #include <minix/config.h>
                          ^
compilation terminated.
configure:4491: $? = 1
configure: failed program was:
| /* confdefs.h */
| #define PACKAGE_NAME "enigma"
| #define PACKAGE_TARNAME "enigma"
| #define PACKAGE_VERSION "1.21"
| #define PACKAGE_STRING "enigma 1.21"
| #define PACKAGE_BUGREPORT ""
| #define PACKAGE_URL ""
| #define STDC_HEADERS 1
| #define HAVE_SYS_TYPES_H 1
| #define HAVE_SYS_STAT_H 1
| #define HAVE_STDLIB_H 1
| #define HAVE_STRING_H 1
| #define HAVE_MEMORY_H 1
| #define HAVE_STRINGS_H 1
| #define HAVE_INTTYPES_H 1
| #define HAVE_STDINT_H 1
| #define HAVE_UNISTD_H 1
| /* end confdefs.h.  */
| #include <minix/config.h>
configure:4491: result: no
configure:4491: checking for minix/config.h
configure:4491: result: no
configure:4512: checking whether it is safe to define __EXTENSIONS__
configure:4530: mipsel-buildroot-linux-uclibc-gcc -c -g -O2  conftest.c >&5
configure:4530: $? = 0
configure:4537: result: yes
configure:4569: checking whether NLS is requested
configure:4578: result: yes
configure:4616: checking for msgfmt
configure:4647: result: /usr/bin/msgfmt
configure:4656: checking for gmsgfmt
configure:4687: result: /usr/bin/msgfmt
configure:4727: checking for xgettext
configure:4758: result: /usr/bin/xgettext
configure:4798: checking for msgmerge
configure:4828: result: /usr/bin/msgmerge
configure:4866: checking for mipsel-buildroot-linux-uclibc-ranlib
configure:4882: found /opt/buildroot/output/host/bin/mipsel-buildroot-linux-uclibc-ranlib
configure:4893: result: mipsel-buildroot-linux-uclibc-ranlib
configure:4956: checking for strerror in -lcposix
configure:4981: mipsel-buildroot-linux-uclibc-gcc -o conftest -g -O2   conftest.c -lcposix   >&5
/opt/buildroot/output/host/lib/gcc/mipsel-buildroot-linux-uclibc/6.4.0/../../../../mipsel-buildroot-linux-uclibc/bin/ld: cannot find -lcposix
collect2: error: ld returned 1 exit status
configure:4981: $? = 1
configure: failed program was:
| /* confdefs.h */
| #define PACKAGE_NAME "enigma"
| #define PACKAGE_TARNAME "enigma"
| #define PACKAGE_VERSION "1.21"
| #define PACKAGE_STRING "enigma 1.21"
| #define PACKAGE_BUGREPORT ""
| #define PACKAGE_URL ""
| #define STDC_HEADERS 1
| #define HAVE_SYS_TYPES_H 1
| #define HAVE_SYS_STAT_H 1
| #define HAVE_STDLIB_H 1
| #define HAVE_STRING_H 1
| #define HAVE_MEMORY_H 1
| #define HAVE_STRINGS_H 1
| #define HAVE_INTTYPES_H 1
| #define HAVE_STDINT_H 1
| #define HAVE_UNISTD_H 1
| #define __EXTENSIONS__ 1
| #define _ALL_SOURCE 1
| #define _GNU_SOURCE 1
| #define _POSIX_PTHREAD_SEMANTICS 1
| #define _TANDEM_SOURCE 1
| /* end confdefs.h.  */
| 
| /* Override any GCC internal prototype to avoid an error.
|    Use char because int might match the return type of a GCC
|    builtin and then its argument prototype would still apply.  */
| #ifdef __cplusplus
| extern "C"
| #endif
| char strerror ();
| int
| main ()
| {
| return strerror ();
|   ;
|   return 0;
| }
configure:4990: result: no
configure:4998: checking for an ANSI C-conforming const
configure:5063: mipsel-buildroot-linux-uclibc-gcc -c -g -O2  conftest.c >&5
configure:5063: $? = 0
configure:5070: result: yes
configure:5079: checking for signed
configure:5095: mipsel-buildroot-linux-uclibc-gcc -c -g -O2  conftest.c >&5
configure:5095: $? = 0
configure:5102: result: yes
configure:5110: checking for inline
configure:5126: mipsel-buildroot-linux-uclibc-gcc -c -g -O2  conftest.c >&5
configure:5126: $? = 0
configure:5134: result: inline
configure:5152: checking for off_t
configure:5152: mipsel-buildroot-linux-uclibc-gcc -c -g -O2  conftest.c >&5
configure:5152: $? = 0
configure:5152: mipsel-buildroot-linux-uclibc-gcc -c -g -O2  conftest.c >&5
conftest.c: In function 'main':
conftest.c:60:20: error: expected expression before ')' token
 if (sizeof ((off_t)))
                    ^
configure:5152: $? = 1
configure: failed program was:
| /* confdefs.h */
| #define PACKAGE_NAME "enigma"
| #define PACKAGE_TARNAME "enigma"
| #define PACKAGE_VERSION "1.21"
| #define PACKAGE_STRING "enigma 1.21"
| #define PACKAGE_BUGREPORT ""
| #define PACKAGE_URL ""
| #define STDC_HEADERS 1
| #define HAVE_SYS_TYPES_H 1
| #define HAVE_SYS_STAT_H 1
| #define HAVE_STDLIB_H 1
| #define HAVE_STRING_H 1
| #define HAVE_MEMORY_H 1
| #define HAVE_STRINGS_H 1
| #define HAVE_INTTYPES_H 1
| #define HAVE_STDINT_H 1
| #define HAVE_UNISTD_H 1
| #define __EXTENSIONS__ 1
| #define _ALL_SOURCE 1
| #define _GNU_SOURCE 1
| #define _POSIX_PTHREAD_SEMANTICS 1
| #define _TANDEM_SOURCE 1
| /* end confdefs.h.  */
| #include <stdio.h>
| #ifdef HAVE_SYS_TYPES_H
| # include <sys/types.h>
| #endif
| #ifdef HAVE_SYS_STAT_H
| # include <sys/stat.h>
| #endif
| #ifdef STDC_HEADERS
| # include <stdlib.h>
| # include <stddef.h>
| #else
| # ifdef HAVE_STDLIB_H
| #  include <stdlib.h>
| # endif
| #endif
| #ifdef HAVE_STRING_H
| # if !defined STDC_HEADERS && defined HAVE_MEMORY_H
| #  include <memory.h>
| # endif
| # include <string.h>
| #endif
| #ifdef HAVE_STRINGS_H
| # include <strings.h>
| #endif
| #ifdef HAVE_INTTYPES_H
| # include <inttypes.h>
| #endif
| #ifdef HAVE_STDINT_H
| # include <stdint.h>
| #endif
| #ifdef HAVE_UNISTD_H
| # include <unistd.h>
| #endif
| int
| main ()
| {
| if (sizeof ((off_t)))
| 	    return 0;
|   ;
|   return 0;
| }
configure:5152: result: yes
configure:5163: checking for size_t
configure:5163: mipsel-buildroot-linux-uclibc-gcc -c -g -O2  conftest.c >&5
configure:5163: $? = 0
configure:5163: mipsel-buildroot-linux-uclibc-gcc -c -g -O2  conftest.c >&5
conftest.c: In function 'main':
conftest.c:60:21: error: expected expression before ')' token
 if (sizeof ((size_t)))
                     ^
configure:5163: $? = 1
configure: failed program was:
| /* confdefs.h */
| #define PACKAGE_NAME "enigma"
| #define PACKAGE_TARNAME "enigma"
| #define PACKAGE_VERSION "1.21"
| #define PACKAGE_STRING "enigma 1.21"
| #define PACKAGE_BUGREPORT ""
| #define PACKAGE_URL ""
| #define STDC_HEADERS 1
| #define HAVE_SYS_TYPES_H 1
| #define HAVE_SYS_STAT_H 1
| #define HAVE_STDLIB_H 1
| #define HAVE_STRING_H 1
| #define HAVE_MEMORY_H 1
| #define HAVE_STRINGS_H 1
| #define HAVE_INTTYPES_H 1
| #define HAVE_STDINT_H 1
| #define HAVE_UNISTD_H 1
| #define __EXTENSIONS__ 1
| #define _ALL_SOURCE 1
| #define _GNU_SOURCE 1
| #define _POSIX_PTHREAD_SEMANTICS 1
| #define _TANDEM_SOURCE 1
| /* end confdefs.h.  */
| #include <stdio.h>
| #ifdef HAVE_SYS_TYPES_H
| # include <sys/types.h>
| #endif
| #ifdef HAVE_SYS_STAT_H
| # include <sys/stat.h>
| #endif
| #ifdef STDC_HEADERS
| # include <stdlib.h>
| # include <stddef.h>
| #else
| # ifdef HAVE_STDLIB_H
| #  include <stdlib.h>
| # endif
| #endif
| #ifdef HAVE_STRING_H
| # if !defined STDC_HEADERS && defined HAVE_MEMORY_H
| #  include <memory.h>
| # endif
| # include <string.h>
| #endif
| #ifdef HAVE_STRINGS_H
| # include <strings.h>
| #endif
| #ifdef HAVE_INTTYPES_H
| # include <inttypes.h>
| #endif
| #ifdef HAVE_STDINT_H
| # include <stdint.h>
| #endif
| #ifdef HAVE_UNISTD_H
| # include <unistd.h>
| #endif
| int
| main ()
| {
| if (sizeof ((size_t)))
| 	    return 0;
|   ;
|   return 0;
| }
configure:5163: result: yes
configure:5175: checking for long long
configure:5192: mipsel-buildroot-linux-uclibc-gcc -o conftest -g -O2   conftest.c  >&5
configure:5192: $? = 0
configure:5200: result: yes
configure:5209: checking for long double
configure:5241: result: yes
configure:5250: checking for wchar_t
configure:5267: mipsel-buildroot-linux-uclibc-gcc -c -g -O2  conftest.c >&5
configure:5267: $? = 0
configure:5274: result: yes
configure:5283: checking for wint_t
configure:5300: mipsel-buildroot-linux-uclibc-gcc -c -g -O2  conftest.c >&5
configure:5300: $? = 0
configure:5307: result: yes
configure:5316: checking for inttypes.h
configure:5333: mipsel-buildroot-linux-uclibc-gcc -c -g -O2  conftest.c >&5
configure:5333: $? = 0
configure:5340: result: yes
configure:5351: checking for stdint.h
configure:5368: mipsel-buildroot-linux-uclibc-gcc -c -g -O2  conftest.c >&5
configure:5368: $? = 0
configure:5375: result: yes
configure:5388: checking for intmax_t
configure:5413: mipsel-buildroot-linux-uclibc-gcc -c -g -O2  conftest.c >&5
configure:5413: $? = 0
configure:5420: result: yes
configure:5430: checking whether printf() supports POSIX/XSI format strings
configure:5482: result: guessing yes
configure:5494: checking for working alloca.h
configure:5511: mipsel-buildroot-linux-uclibc-gcc -o conftest -g -O2   conftest.c  >&5
configure:5511: $? = 0
configure:5519: result: yes
configure:5527: checking for alloca
configure:5564: mipsel-buildroot-linux-uclibc-gcc -o conftest -g -O2   conftest.c  >&5
configure:5564: $? = 0
configure:5572: result: yes
configure:5687: checking for stdlib.h
configure:5687: result: yes
configure:5687: checking for unistd.h
configure:5687: result: yes
configure:5687: checking for sys/param.h
configure:5687: mipsel-buildroot-linux-uclibc-gcc -c -g -O2  conftest.c >&5
configure:5687: $? = 0
configure:5687: result: yes
configure:5707: checking for getpagesize
configure:5707: mipsel-buildroot-linux-uclibc-gcc -o conftest -g -O2   conftest.c  >&5
configure:5707: $? = 0
configure:5707: result: yes
configure:5716: checking for working mmap
configure:5873: result: no
configure:5883: checking whether we are using the GNU C Library 2.1 or newer
configure:5910: result: yes
configure:5918: checking whether integer division by zero raises SIGFPE
configure:5986: result: guessing no
configure:5999: checking for unsigned long long
configure:6016: mipsel-buildroot-linux-uclibc-gcc -o conftest -g -O2   conftest.c  >&5
configure:6016: $? = 0
configure:6024: result: yes
configure:6052: checking for inttypes.h
configure:6070: mipsel-buildroot-linux-uclibc-gcc -c -g -O2  conftest.c >&5
configure:6070: $? = 0
configure:6078: result: yes
configure:6091: checking whether the inttypes.h PRIxNN macros are broken
configure:6112: mipsel-buildroot-linux-uclibc-gcc -c -g -O2  conftest.c >&5
configure:6112: $? = 0
configure:6120: result: no
configure:6134: checking for stdint.h
configure:6134: result: yes
configure:6144: checking for SIZE_MAX
configure:6217: result: yes
configure:6231: checking for stdint.h
configure:6231: result: yes
configure:6282: checking for ld used by GCC
configure:6346: result: /opt/buildroot/output/host/mipsel-buildroot-linux-uclibc/bin/ld
configure:6353: checking if the linker (/opt/buildroot/output/host/mipsel-buildroot-linux-uclibc/bin/ld) is GNU ld
configure:6366: result: yes
configure:6372: checking for shared library run path origin
configure:6385: result: done
configure:6791: checking for ptrdiff_t
configure:6791: mipsel-buildroot-linux-uclibc-gcc -c -g -O2  conftest.c >&5
configure:6791: $? = 0
configure:6791: mipsel-buildroot-linux-uclibc-gcc -c -g -O2  conftest.c >&5
conftest.c: In function 'main':
conftest.c:80:24: error: expected expression before ')' token
 if (sizeof ((ptrdiff_t)))
                        ^
configure:6791: $? = 1
configure: failed program was:
| /* confdefs.h */
| #define PACKAGE_NAME "enigma"
| #define PACKAGE_TARNAME "enigma"
| #define PACKAGE_VERSION "1.21"
| #define PACKAGE_STRING "enigma 1.21"
| #define PACKAGE_BUGREPORT ""
| #define PACKAGE_URL ""
| #define STDC_HEADERS 1
| #define HAVE_SYS_TYPES_H 1
| #define HAVE_SYS_STAT_H 1
| #define HAVE_STDLIB_H 1
| #define HAVE_STRING_H 1
| #define HAVE_MEMORY_H 1
| #define HAVE_STRINGS_H 1
| #define HAVE_INTTYPES_H 1
| #define HAVE_STDINT_H 1
| #define HAVE_UNISTD_H 1
| #define __EXTENSIONS__ 1
| #define _ALL_SOURCE 1
| #define _GNU_SOURCE 1
| #define _POSIX_PTHREAD_SEMANTICS 1
| #define _TANDEM_SOURCE 1
| #define HAVE_LONG_LONG 1
| #define HAVE_LONG_DOUBLE 1
| #define HAVE_WCHAR_T 1
| #define HAVE_WINT_T 1
| #define HAVE_INTTYPES_H_WITH_UINTMAX 1
| #define HAVE_STDINT_H_WITH_UINTMAX 1
| #define HAVE_INTMAX_T 1
| #define HAVE_POSIX_PRINTF 1
| #define HAVE_ALLOCA_H 1
| #define HAVE_ALLOCA 1
| #define HAVE_STDLIB_H 1
| #define HAVE_UNISTD_H 1
| #define HAVE_SYS_PARAM_H 1
| #define HAVE_GETPAGESIZE 1
| #define INTDIV0_RAISES_SIGFPE 0
| #define HAVE_UNSIGNED_LONG_LONG 1
| #define HAVE_UINTMAX_T 1
| #define HAVE_INTTYPES_H 1
| #define HAVE_STDINT_H 1
| #define HAVE_STDINT_H 1
| /* end confdefs.h.  */
| #include <stdio.h>
| #ifdef HAVE_SYS_TYPES_H
| # include <sys/types.h>
| #endif
| #ifdef HAVE_SYS_STAT_H
| # include <sys/stat.h>
| #endif
| #ifdef STDC_HEADERS
| # include <stdlib.h>
| # include <stddef.h>
| #else
| # ifdef HAVE_STDLIB_H
| #  include <stdlib.h>
| # endif
| #endif
| #ifdef HAVE_STRING_H
| # if !defined STDC_HEADERS && defined HAVE_MEMORY_H
| #  include <memory.h>
| # endif
| # include <string.h>
| #endif
| #ifdef HAVE_STRINGS_H
| # include <strings.h>
| #endif
| #ifdef HAVE_INTTYPES_H
| # include <inttypes.h>
| #endif
| #ifdef HAVE_STDINT_H
| # include <stdint.h>
| #endif
| #ifdef HAVE_UNISTD_H
| # include <unistd.h>
| #endif
| int
| main ()
| {
| if (sizeof ((ptrdiff_t)))
| 	    return 0;
|   ;
|   return 0;
| }
configure:6791: result: yes
configure:6805: checking argz.h usability
configure:6805: mipsel-buildroot-linux-uclibc-gcc -c -g -O2  conftest.c >&5
conftest.c:77:18: fatal error: argz.h: No such file or directory
 #include <argz.h>
                  ^
compilation terminated.
configure:6805: $? = 1
configure: failed program was:
| /* confdefs.h */
| #define PACKAGE_NAME "enigma"
| #define PACKAGE_TARNAME "enigma"
| #define PACKAGE_VERSION "1.21"
| #define PACKAGE_STRING "enigma 1.21"
| #define PACKAGE_BUGREPORT ""
| #define PACKAGE_URL ""
| #define STDC_HEADERS 1
| #define HAVE_SYS_TYPES_H 1
| #define HAVE_SYS_STAT_H 1
| #define HAVE_STDLIB_H 1
| #define HAVE_STRING_H 1
| #define HAVE_MEMORY_H 1
| #define HAVE_STRINGS_H 1
| #define HAVE_INTTYPES_H 1
| #define HAVE_STDINT_H 1
| #define HAVE_UNISTD_H 1
| #define __EXTENSIONS__ 1
| #define _ALL_SOURCE 1
| #define _GNU_SOURCE 1
| #define _POSIX_PTHREAD_SEMANTICS 1
| #define _TANDEM_SOURCE 1
| #define HAVE_LONG_LONG 1
| #define HAVE_LONG_DOUBLE 1
| #define HAVE_WCHAR_T 1
| #define HAVE_WINT_T 1
| #define HAVE_INTTYPES_H_WITH_UINTMAX 1
| #define HAVE_STDINT_H_WITH_UINTMAX 1
| #define HAVE_INTMAX_T 1
| #define HAVE_POSIX_PRINTF 1
| #define HAVE_ALLOCA_H 1
| #define HAVE_ALLOCA 1
| #define HAVE_STDLIB_H 1
| #define HAVE_UNISTD_H 1
| #define HAVE_SYS_PARAM_H 1
| #define HAVE_GETPAGESIZE 1
| #define INTDIV0_RAISES_SIGFPE 0
| #define HAVE_UNSIGNED_LONG_LONG 1
| #define HAVE_UINTMAX_T 1
| #define HAVE_INTTYPES_H 1
| #define HAVE_STDINT_H 1
| #define HAVE_STDINT_H 1
| /* end confdefs.h.  */
| #include <stdio.h>
| #ifdef HAVE_SYS_TYPES_H
| # include <sys/types.h>
| #endif
| #ifdef HAVE_SYS_STAT_H
| # include <sys/stat.h>
| #endif
| #ifdef STDC_HEADERS
| # include <stdlib.h>
| # include <stddef.h>
| #else
| # ifdef HAVE_STDLIB_H
| #  include <stdlib.h>
| # endif
| #endif
| #ifdef HAVE_STRING_H
| # if !defined STDC_HEADERS && defined HAVE_MEMORY_H
| #  include <memory.h>
| # endif
| # include <string.h>
| #endif
| #ifdef HAVE_STRINGS_H
| # include <strings.h>
| #endif
| #ifdef HAVE_INTTYPES_H
| # include <inttypes.h>
| #endif
| #ifdef HAVE_STDINT_H
| # include <stdint.h>
| #endif
| #ifdef HAVE_UNISTD_H
| # include <unistd.h>
| #endif
| #include <argz.h>
configure:6805: result: no
configure:6805: checking argz.h presence
configure:6805: mipsel-buildroot-linux-uclibc-gcc -E  conftest.c
conftest.c:44:18: fatal error: argz.h: No such file or directory
 #include <argz.h>
                  ^
compilation terminated.
configure:6805: $? = 1
configure: failed program was:
| /* confdefs.h */
| #define PACKAGE_NAME "enigma"
| #define PACKAGE_TARNAME "enigma"
| #define PACKAGE_VERSION "1.21"
| #define PACKAGE_STRING "enigma 1.21"
| #define PACKAGE_BUGREPORT ""
| #define PACKAGE_URL ""
| #define STDC_HEADERS 1
| #define HAVE_SYS_TYPES_H 1
| #define HAVE_SYS_STAT_H 1
| #define HAVE_STDLIB_H 1
| #define HAVE_STRING_H 1
| #define HAVE_MEMORY_H 1
| #define HAVE_STRINGS_H 1
| #define HAVE_INTTYPES_H 1
| #define HAVE_STDINT_H 1
| #define HAVE_UNISTD_H 1
| #define __EXTENSIONS__ 1
| #define _ALL_SOURCE 1
| #define _GNU_SOURCE 1
| #define _POSIX_PTHREAD_SEMANTICS 1
| #define _TANDEM_SOURCE 1
| #define HAVE_LONG_LONG 1
| #define HAVE_LONG_DOUBLE 1
| #define HAVE_WCHAR_T 1
| #define HAVE_WINT_T 1
| #define HAVE_INTTYPES_H_WITH_UINTMAX 1
| #define HAVE_STDINT_H_WITH_UINTMAX 1
| #define HAVE_INTMAX_T 1
| #define HAVE_POSIX_PRINTF 1
| #define HAVE_ALLOCA_H 1
| #define HAVE_ALLOCA 1
| #define HAVE_STDLIB_H 1
| #define HAVE_UNISTD_H 1
| #define HAVE_SYS_PARAM_H 1
| #define HAVE_GETPAGESIZE 1
| #define INTDIV0_RAISES_SIGFPE 0
| #define HAVE_UNSIGNED_LONG_LONG 1
| #define HAVE_UINTMAX_T 1
| #define HAVE_INTTYPES_H 1
| #define HAVE_STDINT_H 1
| #define HAVE_STDINT_H 1
| /* end confdefs.h.  */
| #include <argz.h>
configure:6805: result: no
configure:6805: checking for argz.h
configure:6805: result: no
configure:6805: checking limits.h usability
configure:6805: mipsel-buildroot-linux-uclibc-gcc -c -g -O2  conftest.c >&5
configure:6805: $? = 0
configure:6805: result: yes
configure:6805: checking limits.h presence
configure:6805: mipsel-buildroot-linux-uclibc-gcc -E  conftest.c
configure:6805: $? = 0
configure:6805: result: yes
configure:6805: checking for limits.h
configure:6805: result: yes
configure:6805: checking locale.h usability
configure:6805: mipsel-buildroot-linux-uclibc-gcc -c -g -O2  conftest.c >&5
configure:6805: $? = 0
configure:6805: result: yes
configure:6805: checking locale.h presence
configure:6805: mipsel-buildroot-linux-uclibc-gcc -E  conftest.c
configure:6805: $? = 0
configure:6805: result: yes
configure:6805: checking for locale.h
configure:6805: result: yes
configure:6805: checking nl_types.h usability
configure:6805: mipsel-buildroot-linux-uclibc-gcc -c -g -O2  conftest.c >&5
configure:6805: $? = 0
configure:6805: result: yes
configure:6805: checking nl_types.h presence
configure:6805: mipsel-buildroot-linux-uclibc-gcc -E  conftest.c
configure:6805: $? = 0
configure:6805: result: yes
configure:6805: checking for nl_types.h
configure:6805: result: yes
configure:6805: checking malloc.h usability
configure:6805: mipsel-buildroot-linux-uclibc-gcc -c -g -O2  conftest.c >&5
configure:6805: $? = 0
configure:6805: result: yes
configure:6805: checking malloc.h presence
configure:6805: mipsel-buildroot-linux-uclibc-gcc -E  conftest.c
configure:6805: $? = 0
configure:6805: result: yes
configure:6805: checking for malloc.h
configure:6805: result: yes
configure:6805: checking stddef.h usability
configure:6805: mipsel-buildroot-linux-uclibc-gcc -c -g -O2  conftest.c >&5
configure:6805: $? = 0
configure:6805: result: yes
configure:6805: checking stddef.h presence
configure:6805: mipsel-buildroot-linux-uclibc-gcc -E  conftest.c
configure:6805: $? = 0
configure:6805: result: yes
configure:6805: checking for stddef.h
configure:6805: result: yes
configure:6805: checking for stdlib.h
configure:6805: result: yes
configure:6805: checking for string.h
configure:6805: result: yes
configure:6805: checking for unistd.h
configure:6805: result: yes
configure:6805: checking for sys/param.h
configure:6805: result: yes
configure:6821: checking for asprintf
configure:6821: mipsel-buildroot-linux-uclibc-gcc -o conftest -g -O2   conftest.c  >&5
configure:6821: $? = 0
configure:6821: result: yes
configure:6821: checking for fwprintf
configure:6821: mipsel-buildroot-linux-uclibc-gcc -o conftest -g -O2   conftest.c  >&5
configure:6821: $? = 0
configure:6821: result: yes
configure:6821: checking for getcwd
configure:6821: mipsel-buildroot-linux-uclibc-gcc -o conftest -g -O2   conftest.c  >&5
configure:6821: $? = 0
configure:6821: result: yes
configure:6821: checking for getegid
configure:6821: mipsel-buildroot-linux-uclibc-gcc -o conftest -g -O2   conftest.c  >&5
configure:6821: $? = 0
configure:6821: result: yes
configure:6821: checking for geteuid
configure:6821: mipsel-buildroot-linux-uclibc-gcc -o conftest -g -O2   conftest.c  >&5
configure:6821: $? = 0
configure:6821: result: yes
configure:6821: checking for getgid
configure:6821: mipsel-buildroot-linux-uclibc-gcc -o conftest -g -O2   conftest.c  >&5
configure:6821: $? = 0
configure:6821: result: yes
configure:6821: checking for getuid
configure:6821: mipsel-buildroot-linux-uclibc-gcc -o conftest -g -O2   conftest.c  >&5
configure:6821: $? = 0
configure:6821: result: yes
configure:6821: checking for mempcpy
configure:6821: mipsel-buildroot-linux-uclibc-gcc -o conftest -g -O2   conftest.c  >&5
conftest.c:83:6: warning: conflicting types for built-in function 'mempcpy'
 char mempcpy ();
      ^~~~~~~
configure:6821: $? = 0
configure:6821: result: yes
configure:6821: checking for munmap
configure:6821: mipsel-buildroot-linux-uclibc-gcc -o conftest -g -O2   conftest.c  >&5
configure:6821: $? = 0
configure:6821: result: yes
configure:6821: checking for putenv
configure:6821: mipsel-buildroot-linux-uclibc-gcc -o conftest -g -O2   conftest.c  >&5
configure:6821: $? = 0
configure:6821: result: yes
configure:6821: checking for setenv
configure:6821: mipsel-buildroot-linux-uclibc-gcc -o conftest -g -O2   conftest.c  >&5
configure:6821: $? = 0
configure:6821: result: yes
configure:6821: checking for setlocale
configure:6821: mipsel-buildroot-linux-uclibc-gcc -o conftest -g -O2   conftest.c  >&5
configure:6821: $? = 0
configure:6821: result: yes
configure:6821: checking for snprintf
configure:6821: mipsel-buildroot-linux-uclibc-gcc -o conftest -g -O2   conftest.c  >&5
conftest.c:88:6: warning: conflicting types for built-in function 'snprintf'
 char snprintf ();
      ^~~~~~~~
configure:6821: $? = 0
configure:6821: result: yes
configure:6821: checking for stpcpy
configure:6821: mipsel-buildroot-linux-uclibc-gcc -o conftest -g -O2   conftest.c  >&5
conftest.c:89:6: warning: conflicting types for built-in function 'stpcpy'
 char stpcpy ();
      ^~~~~~
configure:6821: $? = 0
configure:6821: result: yes
configure:6821: checking for strcasecmp
configure:6821: mipsel-buildroot-linux-uclibc-gcc -o conftest -g -O2   conftest.c  >&5
conftest.c:90:6: warning: conflicting types for built-in function 'strcasecmp'
 char strcasecmp ();
      ^~~~~~~~~~
configure:6821: $? = 0
configure:6821: result: yes
configure:6821: checking for strdup
configure:6821: mipsel-buildroot-linux-uclibc-gcc -o conftest -g -O2   conftest.c  >&5
conftest.c:91:6: warning: conflicting types for built-in function 'strdup'
 char strdup ();
      ^~~~~~
configure:6821: $? = 0
configure:6821: result: yes
configure:6821: checking for strtoul
configure:6821: mipsel-buildroot-linux-uclibc-gcc -o conftest -g -O2   conftest.c  >&5
configure:6821: $? = 0
configure:6821: result: yes
configure:6821: checking for tsearch
configure:6821: mipsel-buildroot-linux-uclibc-gcc -o conftest -g -O2   conftest.c  >&5
configure:6821: $? = 0
configure:6821: result: yes
configure:6821: checking for wcslen
configure:6821: mipsel-buildroot-linux-uclibc-gcc -o conftest -g -O2   conftest.c  >&5
configure:6821: $? = 0
configure:6821: result: yes
configure:6821: checking for __argz_count
configure:6821: mipsel-buildroot-linux-uclibc-gcc -o conftest -g -O2   conftest.c  >&5
/tmp/cc74PpVg.o: In function `main':
/opt/Enigma-for-RetroFW/conftest.c:106: undefined reference to `__argz_count'
/opt/Enigma-for-RetroFW/conftest.c:106: undefined reference to `__argz_count'
collect2: error: ld returned 1 exit status
configure:6821: $? = 1
configure: failed program was:
| /* confdefs.h */
| #define PACKAGE_NAME "enigma"
| #define PACKAGE_TARNAME "enigma"
| #define PACKAGE_VERSION "1.21"
| #define PACKAGE_STRING "enigma 1.21"
| #define PACKAGE_BUGREPORT ""
| #define PACKAGE_URL ""
| #define STDC_HEADERS 1
| #define HAVE_SYS_TYPES_H 1
| #define HAVE_SYS_STAT_H 1
| #define HAVE_STDLIB_H 1
| #define HAVE_STRING_H 1
| #define HAVE_MEMORY_H 1
| #define HAVE_STRINGS_H 1
| #define HAVE_INTTYPES_H 1
| #define HAVE_STDINT_H 1
| #define HAVE_UNISTD_H 1
| #define __EXTENSIONS__ 1
| #define _ALL_SOURCE 1
| #define _GNU_SOURCE 1
| #define _POSIX_PTHREAD_SEMANTICS 1
| #define _TANDEM_SOURCE 1
| #define HAVE_LONG_LONG 1
| #define HAVE_LONG_DOUBLE 1
| #define HAVE_WCHAR_T 1
| #define HAVE_WINT_T 1
| #define HAVE_INTTYPES_H_WITH_UINTMAX 1
| #define HAVE_STDINT_H_WITH_UINTMAX 1
| #define HAVE_INTMAX_T 1
| #define HAVE_POSIX_PRINTF 1
| #define HAVE_ALLOCA_H 1
| #define HAVE_ALLOCA 1
| #define HAVE_STDLIB_H 1
| #define HAVE_UNISTD_H 1
| #define HAVE_SYS_PARAM_H 1
| #define HAVE_GETPAGESIZE 1
| #define INTDIV0_RAISES_SIGFPE 0
| #define HAVE_UNSIGNED_LONG_LONG 1
| #define HAVE_UINTMAX_T 1
| #define HAVE_INTTYPES_H 1
| #define HAVE_STDINT_H 1
| #define HAVE_STDINT_H 1
| #define HAVE_LIMITS_H 1
| #define HAVE_LOCALE_H 1
| #define HAVE_NL_TYPES_H 1
| #define HAVE_MALLOC_H 1
| #define HAVE_STDDEF_H 1
| #define HAVE_STDLIB_H 1
| #define HAVE_STRING_H 1
| #define HAVE_UNISTD_H 1
| #define HAVE_SYS_PARAM_H 1
| #define HAVE_ASPRINTF 1
| #define HAVE_FWPRINTF 1
| #define HAVE_GETCWD 1
| #define HAVE_GETEGID 1
| #define HAVE_GETEUID 1
| #define HAVE_GETGID 1
| #define HAVE_GETUID 1
| #define HAVE_MEMPCPY 1
| #define HAVE_MUNMAP 1
| #define HAVE_PUTENV 1
| #define HAVE_SETENV 1
| #define HAVE_SETLOCALE 1
| #define HAVE_SNPRINTF 1
| #define HAVE_STPCPY 1
| #define HAVE_STRCASECMP 1
| #define HAVE_STRDUP 1
| #define HAVE_STRTOUL 1
| #define HAVE_TSEARCH 1
| #define HAVE_WCSLEN 1
| /* end confdefs.h.  */
| /* Define __argz_count to an innocuous variant, in case <limits.h> declares __argz_count.
|    For example, HP-UX 11i <limits.h> declares gettimeofday.  */
| #define __argz_count innocuous___argz_count
| 
| /* System header to define __stub macros and hopefully few prototypes,
|     which can conflict with char __argz_count (); below.
|     Prefer <limits.h> to <assert.h> if __STDC__ is defined, since
|     <limits.h> exists even on freestanding compilers.  */
| 
| #ifdef __STDC__
| # include <limits.h>
| #else
| # include <assert.h>
| #endif
| 
| #undef __argz_count
| 
| /* Override any GCC internal prototype to avoid an error.
|    Use char because int might match the return type of a GCC
|    builtin and then its argument prototype would still apply.  */
| #ifdef __cplusplus
| extern "C"
| #endif
| char __argz_count ();
| /* The GNU C library defines this for functions which it implements
|     to always fail with ENOSYS.  Some functions are actually named
|     something starting with __ and the normal name is an alias.  */
| #if defined __stub___argz_count || defined __stub_____argz_count
| choke me
| #endif
| 
| int
| main ()
| {
| return __argz_count ();
|   ;
|   return 0;
| }
configure:6821: result: no
configure:6821: checking for __argz_stringify
configure:6821: mipsel-buildroot-linux-uclibc-gcc -o conftest -g -O2   conftest.c  >&5
/tmp/ccb1YjFB.o: In function `main':
/opt/Enigma-for-RetroFW/conftest.c:106: undefined reference to `__argz_stringify'
/opt/Enigma-for-RetroFW/conftest.c:106: undefined reference to `__argz_stringify'
collect2: error: ld returned 1 exit status
configure:6821: $? = 1
configure: failed program was:
| /* confdefs.h */
| #define PACKAGE_NAME "enigma"
| #define PACKAGE_TARNAME "enigma"
| #define PACKAGE_VERSION "1.21"
| #define PACKAGE_STRING "enigma 1.21"
| #define PACKAGE_BUGREPORT ""
| #define PACKAGE_URL ""
| #define STDC_HEADERS 1
| #define HAVE_SYS_TYPES_H 1
| #define HAVE_SYS_STAT_H 1
| #define HAVE_STDLIB_H 1
| #define HAVE_STRING_H 1
| #define HAVE_MEMORY_H 1
| #define HAVE_STRINGS_H 1
| #define HAVE_INTTYPES_H 1
| #define HAVE_STDINT_H 1
| #define HAVE_UNISTD_H 1
| #define __EXTENSIONS__ 1
| #define _ALL_SOURCE 1
| #define _GNU_SOURCE 1
| #define _POSIX_PTHREAD_SEMANTICS 1
| #define _TANDEM_SOURCE 1
| #define HAVE_LONG_LONG 1
| #define HAVE_LONG_DOUBLE 1
| #define HAVE_WCHAR_T 1
| #define HAVE_WINT_T 1
| #define HAVE_INTTYPES_H_WITH_UINTMAX 1
| #define HAVE_STDINT_H_WITH_UINTMAX 1
| #define HAVE_INTMAX_T 1
| #define HAVE_POSIX_PRINTF 1
| #define HAVE_ALLOCA_H 1
| #define HAVE_ALLOCA 1
| #define HAVE_STDLIB_H 1
| #define HAVE_UNISTD_H 1
| #define HAVE_SYS_PARAM_H 1
| #define HAVE_GETPAGESIZE 1
| #define INTDIV0_RAISES_SIGFPE 0
| #define HAVE_UNSIGNED_LONG_LONG 1
| #define HAVE_UINTMAX_T 1
| #define HAVE_INTTYPES_H 1
| #define HAVE_STDINT_H 1
| #define HAVE_STDINT_H 1
| #define HAVE_LIMITS_H 1
| #define HAVE_LOCALE_H 1
| #define HAVE_NL_TYPES_H 1
| #define HAVE_MALLOC_H 1
| #define HAVE_STDDEF_H 1
| #define HAVE_STDLIB_H 1
| #define HAVE_STRING_H 1
| #define HAVE_UNISTD_H 1
| #define HAVE_SYS_PARAM_H 1
| #define HAVE_ASPRINTF 1
| #define HAVE_FWPRINTF 1
| #define HAVE_GETCWD 1
| #define HAVE_GETEGID 1
| #define HAVE_GETEUID 1
| #define HAVE_GETGID 1
| #define HAVE_GETUID 1
| #define HAVE_MEMPCPY 1
| #define HAVE_MUNMAP 1
| #define HAVE_PUTENV 1
| #define HAVE_SETENV 1
| #define HAVE_SETLOCALE 1
| #define HAVE_SNPRINTF 1
| #define HAVE_STPCPY 1
| #define HAVE_STRCASECMP 1
| #define HAVE_STRDUP 1
| #define HAVE_STRTOUL 1
| #define HAVE_TSEARCH 1
| #define HAVE_WCSLEN 1
| /* end confdefs.h.  */
| /* Define __argz_stringify to an innocuous variant, in case <limits.h> declares __argz_stringify.
|    For example, HP-UX 11i <limits.h> declares gettimeofday.  */
| #define __argz_stringify innocuous___argz_stringify
| 
| /* System header to define __stub macros and hopefully few prototypes,
|     which can conflict with char __argz_stringify (); below.
|     Prefer <limits.h> to <assert.h> if __STDC__ is defined, since
|     <limits.h> exists even on freestanding compilers.  */
| 
| #ifdef __STDC__
| # include <limits.h>
| #else
| # include <assert.h>
| #endif
| 
| #undef __argz_stringify
| 
| /* Override any GCC internal prototype to avoid an error.
|    Use char because int might match the return type of a GCC
|    builtin and then its argument prototype would still apply.  */
| #ifdef __cplusplus
| extern "C"
| #endif
| char __argz_stringify ();
| /* The GNU C library defines this for functions which it implements
|     to always fail with ENOSYS.  Some functions are actually named
|     something starting with __ and the normal name is an alias.  */
| #if defined __stub___argz_stringify || defined __stub_____argz_stringify
| choke me
| #endif
| 
| int
| main ()
| {
| return __argz_stringify ();
|   ;
|   return 0;
| }
configure:6821: result: no
configure:6821: checking for __argz_next
configure:6821: mipsel-buildroot-linux-uclibc-gcc -o conftest -g -O2   conftest.c  >&5
/tmp/ccYkEc2Y.o: In function `main':
/opt/Enigma-for-RetroFW/conftest.c:106: undefined reference to `__argz_next'
/opt/Enigma-for-RetroFW/conftest.c:106: undefined reference to `__argz_next'
collect2: error: ld returned 1 exit status
configure:6821: $? = 1
configure: failed program was:
| /* confdefs.h */
| #define PACKAGE_NAME "enigma"
| #define PACKAGE_TARNAME "enigma"
| #define PACKAGE_VERSION "1.21"
| #define PACKAGE_STRING "enigma 1.21"
| #define PACKAGE_BUGREPORT ""
| #define PACKAGE_URL ""
| #define STDC_HEADERS 1
| #define HAVE_SYS_TYPES_H 1
| #define HAVE_SYS_STAT_H 1
| #define HAVE_STDLIB_H 1
| #define HAVE_STRING_H 1
| #define HAVE_MEMORY_H 1
| #define HAVE_STRINGS_H 1
| #define HAVE_INTTYPES_H 1
| #define HAVE_STDINT_H 1
| #define HAVE_UNISTD_H 1
| #define __EXTENSIONS__ 1
| #define _ALL_SOURCE 1
| #define _GNU_SOURCE 1
| #define _POSIX_PTHREAD_SEMANTICS 1
| #define _TANDEM_SOURCE 1
| #define HAVE_LONG_LONG 1
| #define HAVE_LONG_DOUBLE 1
| #define HAVE_WCHAR_T 1
| #define HAVE_WINT_T 1
| #define HAVE_INTTYPES_H_WITH_UINTMAX 1
| #define HAVE_STDINT_H_WITH_UINTMAX 1
| #define HAVE_INTMAX_T 1
| #define HAVE_POSIX_PRINTF 1
| #define HAVE_ALLOCA_H 1
| #define HAVE_ALLOCA 1
| #define HAVE_STDLIB_H 1
| #define HAVE_UNISTD_H 1
| #define HAVE_SYS_PARAM_H 1
| #define HAVE_GETPAGESIZE 1
| #define INTDIV0_RAISES_SIGFPE 0
| #define HAVE_UNSIGNED_LONG_LONG 1
| #define HAVE_UINTMAX_T 1
| #define HAVE_INTTYPES_H 1
| #define HAVE_STDINT_H 1
| #define HAVE_STDINT_H 1
| #define HAVE_LIMITS_H 1
| #define HAVE_LOCALE_H 1
| #define HAVE_NL_TYPES_H 1
| #define HAVE_MALLOC_H 1
| #define HAVE_STDDEF_H 1
| #define HAVE_STDLIB_H 1
| #define HAVE_STRING_H 1
| #define HAVE_UNISTD_H 1
| #define HAVE_SYS_PARAM_H 1
| #define HAVE_ASPRINTF 1
| #define HAVE_FWPRINTF 1
| #define HAVE_GETCWD 1
| #define HAVE_GETEGID 1
| #define HAVE_GETEUID 1
| #define HAVE_GETGID 1
| #define HAVE_GETUID 1
| #define HAVE_MEMPCPY 1
| #define HAVE_MUNMAP 1
| #define HAVE_PUTENV 1
| #define HAVE_SETENV 1
| #define HAVE_SETLOCALE 1
| #define HAVE_SNPRINTF 1
| #define HAVE_STPCPY 1
| #define HAVE_STRCASECMP 1
| #define HAVE_STRDUP 1
| #define HAVE_STRTOUL 1
| #define HAVE_TSEARCH 1
| #define HAVE_WCSLEN 1
| /* end confdefs.h.  */
| /* Define __argz_next to an innocuous variant, in case <limits.h> declares __argz_next.
|    For example, HP-UX 11i <limits.h> declares gettimeofday.  */
| #define __argz_next innocuous___argz_next
| 
| /* System header to define __stub macros and hopefully few prototypes,
|     which can conflict with char __argz_next (); below.
|     Prefer <limits.h> to <assert.h> if __STDC__ is defined, since
|     <limits.h> exists even on freestanding compilers.  */
| 
| #ifdef __STDC__
| # include <limits.h>
| #else
| # include <assert.h>
| #endif
| 
| #undef __argz_next
| 
| /* Override any GCC internal prototype to avoid an error.
|    Use char because int might match the return type of a GCC
|    builtin and then its argument prototype would still apply.  */
| #ifdef __cplusplus
| extern "C"
| #endif
| char __argz_next ();
| /* The GNU C library defines this for functions which it implements
|     to always fail with ENOSYS.  Some functions are actually named
|     something starting with __ and the normal name is an alias.  */
| #if defined __stub___argz_next || defined __stub_____argz_next
| choke me
| #endif
| 
| int
| main ()
| {
| return __argz_next ();
|   ;
|   return 0;
| }
configure:6821: result: no
configure:6821: checking for __fsetlocking
configure:6821: mipsel-buildroot-linux-uclibc-gcc -o conftest -g -O2   conftest.c  >&5
configure:6821: $? = 0
configure:6821: result: yes
configure:6832: checking whether _snprintf is declared
configure:6852: mipsel-buildroot-linux-uclibc-gcc -c -g -O2  conftest.c >&5
conftest.c: In function 'main':
conftest.c:79:22: error: '_snprintf' undeclared (first use in this function)
   char *p = (char *) _snprintf;
                      ^~~~~~~~~
conftest.c:79:22: note: each undeclared identifier is reported only once for each function it appears in
configure:6852: $? = 1
configure: failed program was:
| /* confdefs.h */
| #define PACKAGE_NAME "enigma"
| #define PACKAGE_TARNAME "enigma"
| #define PACKAGE_VERSION "1.21"
| #define PACKAGE_STRING "enigma 1.21"
| #define PACKAGE_BUGREPORT ""
| #define PACKAGE_URL ""
| #define STDC_HEADERS 1
| #define HAVE_SYS_TYPES_H 1
| #define HAVE_SYS_STAT_H 1
| #define HAVE_STDLIB_H 1
| #define HAVE_STRING_H 1
| #define HAVE_MEMORY_H 1
| #define HAVE_STRINGS_H 1
| #define HAVE_INTTYPES_H 1
| #define HAVE_STDINT_H 1
| #define HAVE_UNISTD_H 1
| #define __EXTENSIONS__ 1
| #define _ALL_SOURCE 1
| #define _GNU_SOURCE 1
| #define _POSIX_PTHREAD_SEMANTICS 1
| #define _TANDEM_SOURCE 1
| #define HAVE_LONG_LONG 1
| #define HAVE_LONG_DOUBLE 1
| #define HAVE_WCHAR_T 1
| #define HAVE_WINT_T 1
| #define HAVE_INTTYPES_H_WITH_UINTMAX 1
| #define HAVE_STDINT_H_WITH_UINTMAX 1
| #define HAVE_INTMAX_T 1
| #define HAVE_POSIX_PRINTF 1
| #define HAVE_ALLOCA_H 1
| #define HAVE_ALLOCA 1
| #define HAVE_STDLIB_H 1
| #define HAVE_UNISTD_H 1
| #define HAVE_SYS_PARAM_H 1
| #define HAVE_GETPAGESIZE 1
| #define INTDIV0_RAISES_SIGFPE 0
| #define HAVE_UNSIGNED_LONG_LONG 1
| #define HAVE_UINTMAX_T 1
| #define HAVE_INTTYPES_H 1
| #define HAVE_STDINT_H 1
| #define HAVE_STDINT_H 1
| #define HAVE_LIMITS_H 1
| #define HAVE_LOCALE_H 1
| #define HAVE_NL_TYPES_H 1
| #define HAVE_MALLOC_H 1
| #define HAVE_STDDEF_H 1
| #define HAVE_STDLIB_H 1
| #define HAVE_STRING_H 1
| #define HAVE_UNISTD_H 1
| #define HAVE_SYS_PARAM_H 1
| #define HAVE_ASPRINTF 1
| #define HAVE_FWPRINTF 1
| #define HAVE_GETCWD 1
| #define HAVE_GETEGID 1
| #define HAVE_GETEUID 1
| #define HAVE_GETGID 1
| #define HAVE_GETUID 1
| #define HAVE_MEMPCPY 1
| #define HAVE_MUNMAP 1
| #define HAVE_PUTENV 1
| #define HAVE_SETENV 1
| #define HAVE_SETLOCALE 1
| #define HAVE_SNPRINTF 1
| #define HAVE_STPCPY 1
| #define HAVE_STRCASECMP 1
| #define HAVE_STRDUP 1
| #define HAVE_STRTOUL 1
| #define HAVE_TSEARCH 1
| #define HAVE_WCSLEN 1
| #define HAVE___FSETLOCKING 1
| /* end confdefs.h.  */
| #include <stdio.h>
| int
| main ()
| {
| 
| #ifndef _snprintf
|   char *p = (char *) _snprintf;
| #endif
| 
|   ;
|   return 0;
| }
configure:6859: result: no
configure:6873: checking whether _snwprintf is declared
configure:6893: mipsel-buildroot-linux-uclibc-gcc -c -g -O2  conftest.c >&5
conftest.c: In function 'main':
conftest.c:80:22: error: '_snwprintf' undeclared (first use in this function)
   char *p = (char *) _snwprintf;
                      ^~~~~~~~~~
conftest.c:80:22: note: each undeclared identifier is reported only once for each function it appears in
configure:6893: $? = 1
configure: failed program was:
| /* confdefs.h */
| #define PACKAGE_NAME "enigma"
| #define PACKAGE_TARNAME "enigma"
| #define PACKAGE_VERSION "1.21"
| #define PACKAGE_STRING "enigma 1.21"
| #define PACKAGE_BUGREPORT ""
| #define PACKAGE_URL ""
| #define STDC_HEADERS 1
| #define HAVE_SYS_TYPES_H 1
| #define HAVE_SYS_STAT_H 1
| #define HAVE_STDLIB_H 1
| #define HAVE_STRING_H 1
| #define HAVE_MEMORY_H 1
| #define HAVE_STRINGS_H 1
| #define HAVE_INTTYPES_H 1
| #define HAVE_STDINT_H 1
| #define HAVE_UNISTD_H 1
| #define __EXTENSIONS__ 1
| #define _ALL_SOURCE 1
| #define _GNU_SOURCE 1
| #define _POSIX_PTHREAD_SEMANTICS 1
| #define _TANDEM_SOURCE 1
| #define HAVE_LONG_LONG 1
| #define HAVE_LONG_DOUBLE 1
| #define HAVE_WCHAR_T 1
| #define HAVE_WINT_T 1
| #define HAVE_INTTYPES_H_WITH_UINTMAX 1
| #define HAVE_STDINT_H_WITH_UINTMAX 1
| #define HAVE_INTMAX_T 1
| #define HAVE_POSIX_PRINTF 1
| #define HAVE_ALLOCA_H 1
| #define HAVE_ALLOCA 1
| #define HAVE_STDLIB_H 1
| #define HAVE_UNISTD_H 1
| #define HAVE_SYS_PARAM_H 1
| #define HAVE_GETPAGESIZE 1
| #define INTDIV0_RAISES_SIGFPE 0
| #define HAVE_UNSIGNED_LONG_LONG 1
| #define HAVE_UINTMAX_T 1
| #define HAVE_INTTYPES_H 1
| #define HAVE_STDINT_H 1
| #define HAVE_STDINT_H 1
| #define HAVE_LIMITS_H 1
| #define HAVE_LOCALE_H 1
| #define HAVE_NL_TYPES_H 1
| #define HAVE_MALLOC_H 1
| #define HAVE_STDDEF_H 1
| #define HAVE_STDLIB_H 1
| #define HAVE_STRING_H 1
| #define HAVE_UNISTD_H 1
| #define HAVE_SYS_PARAM_H 1
| #define HAVE_ASPRINTF 1
| #define HAVE_FWPRINTF 1
| #define HAVE_GETCWD 1
| #define HAVE_GETEGID 1
| #define HAVE_GETEUID 1
| #define HAVE_GETGID 1
| #define HAVE_GETUID 1
| #define HAVE_MEMPCPY 1
| #define HAVE_MUNMAP 1
| #define HAVE_PUTENV 1
| #define HAVE_SETENV 1
| #define HAVE_SETLOCALE 1
| #define HAVE_SNPRINTF 1
| #define HAVE_STPCPY 1
| #define HAVE_STRCASECMP 1
| #define HAVE_STRDUP 1
| #define HAVE_STRTOUL 1
| #define HAVE_TSEARCH 1
| #define HAVE_WCSLEN 1
| #define HAVE___FSETLOCKING 1
| #define HAVE_DECL__SNPRINTF 0
| /* end confdefs.h.  */
| #include <stdio.h>
| int
| main ()
| {
| 
| #ifndef _snwprintf
|   char *p = (char *) _snwprintf;
| #endif
| 
|   ;
|   return 0;
| }
configure:6900: result: no
configure:6915: checking whether feof_unlocked is declared
configure:6935: mipsel-buildroot-linux-uclibc-gcc -c -g -O2  conftest.c >&5
configure:6935: $? = 0
configure:6942: result: yes
configure:6956: checking whether fgets_unlocked is declared
configure:6976: mipsel-buildroot-linux-uclibc-gcc -c -g -O2  conftest.c >&5
configure:6976: $? = 0
configure:6983: result: yes
configure:6997: checking whether getc_unlocked is declared
configure:7017: mipsel-buildroot-linux-uclibc-gcc -c -g -O2  conftest.c >&5
configure:7017: $? = 0
configure:7024: result: yes
configure:7092: checking for iconv
configure:7114: mipsel-buildroot-linux-uclibc-gcc -o conftest -g -O2   conftest.c  >&5
/tmp/ccWXBsQY.o: In function `main':
/opt/Enigma-for-RetroFW/conftest.c:83: undefined reference to `libiconv_open'
/opt/Enigma-for-RetroFW/conftest.c:83: undefined reference to `libiconv_open'
/opt/Enigma-for-RetroFW/conftest.c:84: undefined reference to `libiconv'
/opt/Enigma-for-RetroFW/conftest.c:84: undefined reference to `libiconv'
/opt/Enigma-for-RetroFW/conftest.c:85: undefined reference to `libiconv_close'
/opt/Enigma-for-RetroFW/conftest.c:85: undefined reference to `libiconv_close'
collect2: error: ld returned 1 exit status
configure:7114: $? = 1
configure: failed program was:
| /* confdefs.h */
| #define PACKAGE_NAME "enigma"
| #define PACKAGE_TARNAME "enigma"
| #define PACKAGE_VERSION "1.21"
| #define PACKAGE_STRING "enigma 1.21"
| #define PACKAGE_BUGREPORT ""
| #define PACKAGE_URL ""
| #define STDC_HEADERS 1
| #define HAVE_SYS_TYPES_H 1
| #define HAVE_SYS_STAT_H 1
| #define HAVE_STDLIB_H 1
| #define HAVE_STRING_H 1
| #define HAVE_MEMORY_H 1
| #define HAVE_STRINGS_H 1
| #define HAVE_INTTYPES_H 1
| #define HAVE_STDINT_H 1
| #define HAVE_UNISTD_H 1
| #define __EXTENSIONS__ 1
| #define _ALL_SOURCE 1
| #define _GNU_SOURCE 1
| #define _POSIX_PTHREAD_SEMANTICS 1
| #define _TANDEM_SOURCE 1
| #define HAVE_LONG_LONG 1
| #define HAVE_LONG_DOUBLE 1
| #define HAVE_WCHAR_T 1
| #define HAVE_WINT_T 1
| #define HAVE_INTTYPES_H_WITH_UINTMAX 1
| #define HAVE_STDINT_H_WITH_UINTMAX 1
| #define HAVE_INTMAX_T 1
| #define HAVE_POSIX_PRINTF 1
| #define HAVE_ALLOCA_H 1
| #define HAVE_ALLOCA 1
| #define HAVE_STDLIB_H 1
| #define HAVE_UNISTD_H 1
| #define HAVE_SYS_PARAM_H 1
| #define HAVE_GETPAGESIZE 1
| #define INTDIV0_RAISES_SIGFPE 0
| #define HAVE_UNSIGNED_LONG_LONG 1
| #define HAVE_UINTMAX_T 1
| #define HAVE_INTTYPES_H 1
| #define HAVE_STDINT_H 1
| #define HAVE_STDINT_H 1
| #define HAVE_LIMITS_H 1
| #define HAVE_LOCALE_H 1
| #define HAVE_NL_TYPES_H 1
| #define HAVE_MALLOC_H 1
| #define HAVE_STDDEF_H 1
| #define HAVE_STDLIB_H 1
| #define HAVE_STRING_H 1
| #define HAVE_UNISTD_H 1
| #define HAVE_SYS_PARAM_H 1
| #define HAVE_ASPRINTF 1
| #define HAVE_FWPRINTF 1
| #define HAVE_GETCWD 1
| #define HAVE_GETEGID 1
| #define HAVE_GETEUID 1
| #define HAVE_GETGID 1
| #define HAVE_GETUID 1
| #define HAVE_MEMPCPY 1
| #define HAVE_MUNMAP 1
| #define HAVE_PUTENV 1
| #define HAVE_SETENV 1
| #define HAVE_SETLOCALE 1
| #define HAVE_SNPRINTF 1
| #define HAVE_STPCPY 1
| #define HAVE_STRCASECMP 1
| #define HAVE_STRDUP 1
| #define HAVE_STRTOUL 1
| #define HAVE_TSEARCH 1
| #define HAVE_WCSLEN 1
| #define HAVE___FSETLOCKING 1
| #define HAVE_DECL__SNPRINTF 0
| #define HAVE_DECL__SNWPRINTF 0
| #define HAVE_DECL_FEOF_UNLOCKED 1
| #define HAVE_DECL_FGETS_UNLOCKED 1
| #define HAVE_DECL_GETC_UNLOCKED 1
| /* end confdefs.h.  */
| #include <stdlib.h>
| #include <iconv.h>
| int
| main ()
| {
| iconv_t cd = iconv_open("","");
|        iconv(cd,NULL,NULL,NULL,NULL);
|        iconv_close(cd);
|   ;
|   return 0;
| }
configure:7136: mipsel-buildroot-linux-uclibc-gcc -o conftest -g -O2   conftest.c  -liconv >&5
configure:7136: $? = 0
configure:7146: result: yes
configure:7154: checking how to link with libiconv
configure:7156: result: -liconv
configure:7167: checking for iconv declaration
configure:7196: mipsel-buildroot-linux-uclibc-gcc -c -g -O2  conftest.c >&5
configure:7196: $? = 0
configure:7207: result: 
         extern size_t iconv (iconv_t cd, char * *inbuf, size_t *inbytesleft, char * *outbuf, size_t *outbytesleft);
configure:7218: checking for nl_langinfo and CODESET
configure:7234: mipsel-buildroot-linux-uclibc-gcc -o conftest -g -O2   conftest.c  >&5
configure:7234: $? = 0
configure:7243: result: yes
configure:7253: checking for LC_MESSAGES
configure:7269: mipsel-buildroot-linux-uclibc-gcc -o conftest -g -O2   conftest.c  >&5
configure:7269: $? = 0
configure:7277: result: yes
configure:7291: checking for bison
configure:7321: result: no
configure:7363: checking whether NLS is requested
configure:7372: result: yes
configure:7388: checking whether included gettext is requested
configure:7398: result: no
configure:7409: checking for GNU gettext in libc
configure:7428: mipsel-buildroot-linux-uclibc-gcc -o conftest -g -O2   conftest.c  >&5
/tmp/cc1jQQpc.o: In function `main':
/opt/Enigma-for-RetroFW/conftest.c:89: undefined reference to `_nl_domain_bindings'
collect2: error: ld returned 1 exit status
configure:7428: $? = 1
configure: failed program was:
| /* confdefs.h */
| #define PACKAGE_NAME "enigma"
| #define PACKAGE_TARNAME "enigma"
| #define PACKAGE_VERSION "1.21"
| #define PACKAGE_STRING "enigma 1.21"
| #define PACKAGE_BUGREPORT ""
| #define PACKAGE_URL ""
| #define STDC_HEADERS 1
| #define HAVE_SYS_TYPES_H 1
| #define HAVE_SYS_STAT_H 1
| #define HAVE_STDLIB_H 1
| #define HAVE_STRING_H 1
| #define HAVE_MEMORY_H 1
| #define HAVE_STRINGS_H 1
| #define HAVE_INTTYPES_H 1
| #define HAVE_STDINT_H 1
| #define HAVE_UNISTD_H 1
| #define __EXTENSIONS__ 1
| #define _ALL_SOURCE 1
| #define _GNU_SOURCE 1
| #define _POSIX_PTHREAD_SEMANTICS 1
| #define _TANDEM_SOURCE 1
| #define HAVE_LONG_LONG 1
| #define HAVE_LONG_DOUBLE 1
| #define HAVE_WCHAR_T 1
| #define HAVE_WINT_T 1
| #define HAVE_INTTYPES_H_WITH_UINTMAX 1
| #define HAVE_STDINT_H_WITH_UINTMAX 1
| #define HAVE_INTMAX_T 1
| #define HAVE_POSIX_PRINTF 1
| #define HAVE_ALLOCA_H 1
| #define HAVE_ALLOCA 1
| #define HAVE_STDLIB_H 1
| #define HAVE_UNISTD_H 1
| #define HAVE_SYS_PARAM_H 1
| #define HAVE_GETPAGESIZE 1
| #define INTDIV0_RAISES_SIGFPE 0
| #define HAVE_UNSIGNED_LONG_LONG 1
| #define HAVE_UINTMAX_T 1
| #define HAVE_INTTYPES_H 1
| #define HAVE_STDINT_H 1
| #define HAVE_STDINT_H 1
| #define HAVE_LIMITS_H 1
| #define HAVE_LOCALE_H 1
| #define HAVE_NL_TYPES_H 1
| #define HAVE_MALLOC_H 1
| #define HAVE_STDDEF_H 1
| #define HAVE_STDLIB_H 1
| #define HAVE_STRING_H 1
| #define HAVE_UNISTD_H 1
| #define HAVE_SYS_PARAM_H 1
| #define HAVE_ASPRINTF 1
| #define HAVE_FWPRINTF 1
| #define HAVE_GETCWD 1
| #define HAVE_GETEGID 1
| #define HAVE_GETEUID 1
| #define HAVE_GETGID 1
| #define HAVE_GETUID 1
| #define HAVE_MEMPCPY 1
| #define HAVE_MUNMAP 1
| #define HAVE_PUTENV 1
| #define HAVE_SETENV 1
| #define HAVE_SETLOCALE 1
| #define HAVE_SNPRINTF 1
| #define HAVE_STPCPY 1
| #define HAVE_STRCASECMP 1
| #define HAVE_STRDUP 1
| #define HAVE_STRTOUL 1
| #define HAVE_TSEARCH 1
| #define HAVE_WCSLEN 1
| #define HAVE___FSETLOCKING 1
| #define HAVE_DECL__SNPRINTF 0
| #define HAVE_DECL__SNWPRINTF 0
| #define HAVE_DECL_FEOF_UNLOCKED 1
| #define HAVE_DECL_FGETS_UNLOCKED 1
| #define HAVE_DECL_GETC_UNLOCKED 1
| #define HAVE_ICONV 1
| #define ICONV_CONST 
| #define HAVE_LANGINFO_CODESET 1
| #define HAVE_LC_MESSAGES 1
| /* end confdefs.h.  */
| #include <libintl.h>
| extern int _nl_msg_cat_cntr;
| extern int *_nl_domain_bindings;
| int
| main ()
| {
| bindtextdomain ("", "");
| return (int) gettext ("") + _nl_msg_cat_cntr + *_nl_domain_bindings
|   ;
|   return 0;
| }
configure:7436: result: no
configure:7819: checking for GNU gettext in libintl
configure:7846: mipsel-buildroot-linux-uclibc-gcc -o conftest -g -O2    conftest.c  -lintl >&5
configure:7846: $? = 0
configure:7885: result: yes
configure:7930: checking whether to use NLS
configure:7932: result: yes
configure:7935: checking where the gettext function comes from
configure:7946: result: external libintl
configure:7954: checking how to link with libintl
configure:7956: result: -lintl
configure:8077: checking for mipsel-buildroot-linux-uclibc-gcc
configure:8104: result: mipsel-buildroot-linux-uclibc-gcc
configure:8373: checking for C compiler version
configure:8382: mipsel-buildroot-linux-uclibc-gcc --version >&5
mipsel-buildroot-linux-uclibc-gcc.br_real (Buildroot 2018.02.9) 6.4.0
Copyright (C) 2017 Free Software Foundation, Inc.
This is free software; see the source for copying conditions.  There is NO
warranty; not even for MERCHANTABILITY or FITNESS FOR A PARTICULAR PURPOSE.

configure:8393: $? = 0
configure:8382: mipsel-buildroot-linux-uclibc-gcc -v >&5
Using built-in specs.
COLLECT_GCC=/opt/buildroot/output/host/bin/mipsel-buildroot-linux-uclibc-gcc.br_real
COLLECT_LTO_WRAPPER=/opt/buildroot/output/host/libexec/gcc/mipsel-buildroot-linux-uclibc/6.4.0/lto-wrapper
Target: mipsel-buildroot-linux-uclibc
Configured with: ./configure --prefix=/opt/buildroot/output/host --sysconfdir=/opt/buildroot/output/host/etc --enable-static --target=mipsel-buildroot-linux-uclibc --with-sysroot=/opt/buildroot/output/host/mipsel-buildroot-linux-uclibc/sysroot --disable-__cxa_atexit --with-gnu-ld --disable-libssp --disable-multilib --with-gmp=/opt/buildroot/output/host --with-mpc=/opt/buildroot/output/host --with-mpfr=/opt/buildroot/output/host --with-pkgversion='Buildroot 2018.02.9' --with-bugurl=http://bugs.buildroot.net/ --disable-libquadmath --disable-libsanitizer --enable-tls --disable-libmudflap --enable-threads --without-isl --without-cloog --disable-decimal-float --with-arch=mips32 --with-abi=32 --with-nan=legacy --with-fp-32=xx --enable-languages=c,c++ --with-build-time-tools=/opt/buildroot/output/host/mipsel-buildroot-linux-uclibc/bin --enable-shared --disable-libgomp
Thread model: posix
gcc version 6.4.0 (Buildroot 2018.02.9) 
configure:8393: $? = 0
configure:8382: mipsel-buildroot-linux-uclibc-gcc -V >&5
mipsel-buildroot-linux-uclibc-gcc.br_real: error: unrecognized command line option '-V'
mipsel-buildroot-linux-uclibc-gcc.br_real: fatal error: no input files
compilation terminated.
configure:8393: $? = 1
configure:8382: mipsel-buildroot-linux-uclibc-gcc -qversion >&5
mipsel-buildroot-linux-uclibc-gcc.br_real: error: unrecognized command line option '-qversion'; did you mean '--version'?
mipsel-buildroot-linux-uclibc-gcc.br_real: fatal error: no input files
compilation terminated.
configure:8393: $? = 1
configure:8397: checking whether we are using the GNU C compiler
configure:8425: result: yes
configure:8434: checking whether mipsel-buildroot-linux-uclibc-gcc accepts -g
configure:8495: result: yes
configure:8512: checking for mipsel-buildroot-linux-uclibc-gcc option to accept ISO C89
configure:8589: result: none needed
configure:8611: checking dependency style of mipsel-buildroot-linux-uclibc-gcc
configure:8722: result: gcc3
configure:8738: checking whether mipsel-buildroot-linux-uclibc-gcc and cc understand -c and -o together
configure:8769: mipsel-buildroot-linux-uclibc-gcc -c conftest.c -o conftest2.o >&5
configure:8773: $? = 0
configure:8779: mipsel-buildroot-linux-uclibc-gcc -c conftest.c -o conftest2.o >&5
configure:8783: $? = 0
configure:8794: cc -c conftest.c >&5
configure:8798: $? = 0
configure:8806: cc -c conftest.c -o conftest2.o >&5
configure:8810: $? = 0
configure:8816: cc -c conftest.c -o conftest2.o >&5
configure:8820: $? = 0
configure:8838: result: yes
configure:8877: checking for mipsel-buildroot-linux-uclibc-g++
configure:8893: found /opt/buildroot/output/host/bin/mipsel-buildroot-linux-uclibc-g++
configure:8904: result: mipsel-buildroot-linux-uclibc-g++
configure:8975: checking for C++ compiler version
configure:8984: mipsel-buildroot-linux-uclibc-g++ --version >&5
mipsel-buildroot-linux-uclibc-g++.br_real (Buildroot 2018.02.9) 6.4.0
Copyright (C) 2017 Free Software Foundation, Inc.
This is free software; see the source for copying conditions.  There is NO
warranty; not even for MERCHANTABILITY or FITNESS FOR A PARTICULAR PURPOSE.

configure:8995: $? = 0
configure:8984: mipsel-buildroot-linux-uclibc-g++ -v >&5
Using built-in specs.
COLLECT_GCC=/opt/buildroot/output/host/bin/mipsel-buildroot-linux-uclibc-g++.br_real
COLLECT_LTO_WRAPPER=/opt/buildroot/output/host/libexec/gcc/mipsel-buildroot-linux-uclibc/6.4.0/lto-wrapper
Target: mipsel-buildroot-linux-uclibc
Configured with: ./configure --prefix=/opt/buildroot/output/host --sysconfdir=/opt/buildroot/output/host/etc --enable-static --target=mipsel-buildroot-linux-uclibc --with-sysroot=/opt/buildroot/output/host/mipsel-buildroot-linux-uclibc/sysroot --disable-__cxa_atexit --with-gnu-ld --disable-libssp --disable-multilib --with-gmp=/opt/buildroot/output/host --with-mpc=/opt/buildroot/output/host --with-mpfr=/opt/buildroot/output/host --with-pkgversion='Buildroot 2018.02.9' --with-bugurl=http://bugs.buildroot.net/ --disable-libquadmath --disable-libsanitizer --enable-tls --disable-libmudflap --enable-threads --without-isl --without-cloog --disable-decimal-float --with-arch=mips32 --with-abi=32 --with-nan=legacy --with-fp-32=xx --enable-languages=c,c++ --with-build-time-tools=/opt/buildroot/output/host/mipsel-buildroot-linux-uclibc/bin --enable-shared --disable-libgomp
Thread model: posix
gcc version 6.4.0 (Buildroot 2018.02.9) 
configure:8995: $? = 0
configure:8984: mipsel-buildroot-linux-uclibc-g++ -V >&5
mipsel-buildroot-linux-uclibc-g++.br_real: error: unrecognized command line option '-V'
mipsel-buildroot-linux-uclibc-g++.br_real: fatal error: no input files
compilation terminated.
configure:8995: $? = 1
configure:8984: mipsel-buildroot-linux-uclibc-g++ -qversion >&5
mipsel-buildroot-linux-uclibc-g++.br_real: error: unrecognized command line option '-qversion'; did you mean '--version'?
mipsel-buildroot-linux-uclibc-g++.br_real: fatal error: no input files
compilation terminated.
configure:8995: $? = 1
configure:8999: checking whether we are using the GNU C++ compiler
configure:9018: mipsel-buildroot-linux-uclibc-g++ -c   conftest.cpp >&5
configure:9018: $? = 0
configure:9027: result: yes
configure:9036: checking whether mipsel-buildroot-linux-uclibc-g++ accepts -g
configure:9056: mipsel-buildroot-linux-uclibc-g++ -c -g  conftest.cpp >&5
configure:9056: $? = 0
configure:9097: result: yes
configure:9122: checking dependency style of mipsel-buildroot-linux-uclibc-g++
configure:9233: result: gcc3
configure:9253: checking how to run the C preprocessor
configure:9323: result: mipsel-buildroot-linux-uclibc-gcc -E
configure:9343: mipsel-buildroot-linux-uclibc-gcc -E  conftest.c
configure:9343: $? = 0
configure:9357: mipsel-buildroot-linux-uclibc-gcc -E  conftest.c
conftest.c:85:28: fatal error: ac_nonexistent.h: No such file or directory
 #include <ac_nonexistent.h>
                            ^
compilation terminated.
configure:9357: $? = 1
configure: failed program was:
| /* confdefs.h */
| #define PACKAGE_NAME "enigma"
| #define PACKAGE_TARNAME "enigma"
| #define PACKAGE_VERSION "1.21"
| #define PACKAGE_STRING "enigma 1.21"
| #define PACKAGE_BUGREPORT ""
| #define PACKAGE_URL ""
| #define STDC_HEADERS 1
| #define HAVE_SYS_TYPES_H 1
| #define HAVE_SYS_STAT_H 1
| #define HAVE_STDLIB_H 1
| #define HAVE_STRING_H 1
| #define HAVE_MEMORY_H 1
| #define HAVE_STRINGS_H 1
| #define HAVE_INTTYPES_H 1
| #define HAVE_STDINT_H 1
| #define HAVE_UNISTD_H 1
| #define __EXTENSIONS__ 1
| #define _ALL_SOURCE 1
| #define _GNU_SOURCE 1
| #define _POSIX_PTHREAD_SEMANTICS 1
| #define _TANDEM_SOURCE 1
| #define HAVE_LONG_LONG 1
| #define HAVE_LONG_DOUBLE 1
| #define HAVE_WCHAR_T 1
| #define HAVE_WINT_T 1
| #define HAVE_INTTYPES_H_WITH_UINTMAX 1
| #define HAVE_STDINT_H_WITH_UINTMAX 1
| #define HAVE_INTMAX_T 1
| #define HAVE_POSIX_PRINTF 1
| #define HAVE_ALLOCA_H 1
| #define HAVE_ALLOCA 1
| #define HAVE_STDLIB_H 1
| #define HAVE_UNISTD_H 1
| #define HAVE_SYS_PARAM_H 1
| #define HAVE_GETPAGESIZE 1
| #define INTDIV0_RAISES_SIGFPE 0
| #define HAVE_UNSIGNED_LONG_LONG 1
| #define HAVE_UINTMAX_T 1
| #define HAVE_INTTYPES_H 1
| #define HAVE_STDINT_H 1
| #define HAVE_STDINT_H 1
| #define HAVE_LIMITS_H 1
| #define HAVE_LOCALE_H 1
| #define HAVE_NL_TYPES_H 1
| #define HAVE_MALLOC_H 1
| #define HAVE_STDDEF_H 1
| #define HAVE_STDLIB_H 1
| #define HAVE_STRING_H 1
| #define HAVE_UNISTD_H 1
| #define HAVE_SYS_PARAM_H 1
| #define HAVE_ASPRINTF 1
| #define HAVE_FWPRINTF 1
| #define HAVE_GETCWD 1
| #define HAVE_GETEGID 1
| #define HAVE_GETEUID 1
| #define HAVE_GETGID 1
| #define HAVE_GETUID 1
| #define HAVE_MEMPCPY 1
| #define HAVE_MUNMAP 1
| #define HAVE_PUTENV 1
| #define HAVE_SETENV 1
| #define HAVE_SETLOCALE 1
| #define HAVE_SNPRINTF 1
| #define HAVE_STPCPY 1
| #define HAVE_STRCASECMP 1
| #define HAVE_STRDUP 1
| #define HAVE_STRTOUL 1
| #define HAVE_TSEARCH 1
| #define HAVE_WCSLEN 1
| #define HAVE___FSETLOCKING 1
| #define HAVE_DECL__SNPRINTF 0
| #define HAVE_DECL__SNWPRINTF 0
| #define HAVE_DECL_FEOF_UNLOCKED 1
| #define HAVE_DECL_FGETS_UNLOCKED 1
| #define HAVE_DECL_GETC_UNLOCKED 1
| #define HAVE_ICONV 1
| #define ICONV_CONST 
| #define HAVE_LANGINFO_CODESET 1
| #define HAVE_LC_MESSAGES 1
| #define ENABLE_NLS 1
| #define HAVE_GETTEXT 1
| #define HAVE_DCGETTEXT 1
| /* end confdefs.h.  */
| #include <ac_nonexistent.h>
configure:9388: checking for mipsel-buildroot-linux-uclibc-ranlib
configure:9415: result: mipsel-buildroot-linux-uclibc-ranlib
configure:9496: checking for texi2html
configure:9514: found /usr/bin/texi2html
configure:9527: result: /usr/bin/texi2html
configure:9538: checking for pdflatex
configure:9572: result: no
configure:9580: checking for convert
configure:9598: found /usr/bin/convert
configure:9611: result: /usr/bin/convert
configure:9626: checking dirent.h usability
configure:9626: mipsel-buildroot-linux-uclibc-gcc -c -g -O2  conftest.c >&5
configure:9626: $? = 0
configure:9626: result: yes
configure:9626: checking dirent.h presence
configure:9626: mipsel-buildroot-linux-uclibc-gcc -E  conftest.c
configure:9626: $? = 0
configure:9626: result: yes
configure:9626: checking for dirent.h
configure:9626: result: yes
configure:9637: checking for library containing dlopen
configure:9668: mipsel-buildroot-linux-uclibc-gcc -o conftest -g -O2   conftest.c  >&5
configure:9668: $? = 0
configure:9685: result: none required
configure:9790: checking for sdl-config
configure:9821: result: /opt/buildroot/output/host/usr/mipsel-buildroot-linux-uclibc/sysroot/usr/bin/sdl-config
configure:9831: checking for SDL - version >= 1.2.0
configure:9933: result: yes
configure:10009: checking for main in -lSDL_image
configure:10054: checking for IMG_Init in -lSDL_image
configure:10079: mipsel-buildroot-linux-uclibc-gcc -o conftest -g -O2 -I/opt/buildroot/output/host/mipsel-buildroot-linux-uclibc/sysroot/usr/include/SDL -D_GNU_SOURCE=1 -D_REENTRANT   conftest.c -lSDL_image  -lSDL_image  >&5
configure:10079: $? = 0
configure:10088: result: yes
configure:10102: checking for main in -lSDL_mixer
configure:10121: mipsel-buildroot-linux-uclibc-gcc -o conftest -g -O2 -I/opt/buildroot/output/host/mipsel-buildroot-linux-uclibc/sysroot/usr/include/SDL -D_GNU_SOURCE=1 -D_REENTRANT   conftest.c -lSDL_mixer  -lSDL_image  >&5
configure:10121: $? = 0
configure:10130: result: yes
configure:10147: checking for Mix_QuickLoad_RAW in -lSDL_mixer
configure:10172: mipsel-buildroot-linux-uclibc-gcc -o conftest -g -O2 -I/opt/buildroot/output/host/mipsel-buildroot-linux-uclibc/sysroot/usr/include/SDL -D_GNU_SOURCE=1 -D_REENTRANT   conftest.c -lSDL_mixer  -lSDL_mixer -lSDL_image  >&5
configure:10172: $? = 0
configure:10181: result: yes
configure:10194: checking for Mix_Init in -lSDL_mixer
configure:10219: mipsel-buildroot-linux-uclibc-gcc -o conftest -g -O2 -I/opt/buildroot/output/host/mipsel-buildroot-linux-uclibc/sysroot/usr/include/SDL -D_GNU_SOURCE=1 -D_REENTRANT   conftest.c -lSDL_mixer  -lSDL_mixer -lSDL_image  >&5
configure:10219: $? = 0
configure:10228: result: yes
configure:10325: checking for png_create_write_struct in -lpng
configure:10350: mipsel-buildroot-linux-uclibc-gcc -o conftest -g -O2   conftest.c -lpng   >&5
configure:10350: $? = 0
configure:10359: result: yes
configure:10675: checking whether to include profiling information
configure:10690: result: no
configure:10734: checking whether to include assert statements
configure:10745: result: yes
configure:10753: checking whether to optimize
configure:10769: result: no
configure:10774: checking whether to debug the game with gdb
configure:10790: result: no
configure:10795: checking whether to profile the game
configure:10811: result: no
configure:10816: checking whether to build lua using c++
configure:10827: result: yes
configure:10844: checking whether to enable warnings
configure:10863: result: no
configure:11030: creating ./config.status

## ---------------------- ##
## Running config.status. ##
## ---------------------- ##

This file was extended by enigma config.status 1.21, which was
generated by GNU Autoconf 2.68.  Invocation command line was

  CONFIG_FILES    = 
  CONFIG_HEADERS  = 
  CONFIG_LINKS    = 
  CONFIG_COMMANDS = 
  $ ./config.status 

on onodera-PC

config.status:1081: creating Makefile
config.status:1081: creating m4/Makefile
config.status:1081: creating intl/Makefile
config.status:1081: creating data/Makefile
config.status:1081: creating data/gfx/Makefile
config.status:1081: creating data/gfx/flags25x15/Makefile
config.status:1081: creating data/gfx16/Makefile
config.status:1081: creating data/gfx32/Makefile
config.status:1081: creating data/gfx40/Makefile
config.status:1081: creating data/gfx48/Makefile
config.status:1081: creating data/gfx64/Makefile
config.status:1081: creating data/levels/Makefile
config.status:1081: creating data/levels/enigma_tutorial/Makefile
config.status:1081: creating data/levels/enigma_i/Makefile
config.status:1081: creating data/levels/enigma_ii/Makefile
config.status:1081: creating data/levels/enigma_iii/Makefile
config.status:1081: creating data/levels/enigma_iv/Makefile
config.status:1081: creating data/levels/enigma_v/Makefile
config.status:1081: creating data/levels/enigma_vi/Makefile
config.status:1081: creating data/levels/enigma_vii/Makefile
config.status:1081: creating data/levels/enigma_viii/Makefile
config.status:1081: creating data/levels/enigma_ix/Makefile
config.status:1081: creating data/levels/enigma_x/Makefile
config.status:1081: creating data/levels/enigma_cross/Makefile
config.status:1081: creating data/levels/enigma_esprit/Makefile
config.status:1081: creating data/levels/enigma_oxyd/Makefile
config.status:1081: creating data/levels/enigma_peroxyd/Makefile
config.status:1081: creating data/levels/enigma_oxydmagnum/Makefile
config.status:1081: creating data/levels/enigma_oxydextra/Makefile
config.status:1081: creating data/levels/enigma_experimental/Makefile
config.status:1081: creating data/levels/enigma_demolevels/Makefile
config.status:1081: creating data/levels/enigma_advent_10/Makefile
config.status:1081: creating data/levels/pentomino_i/Makefile
config.status:1081: creating data/levels/soko/Makefile
config.status:1081: creating data/levels/soko/skinner_microban01/Makefile
config.status:1081: creating data/levels/soko/skinner_microban02/Makefile
config.status:1081: creating data/levels/soko/skinner_microban03/Makefile
config.status:1081: creating data/levels/soko/skinner_microban04/Makefile
config.status:1081: creating data/levels/soko/skinner_microban05/Makefile
config.status:1081: creating data/levels/soko/skinner_sasquatch01/Makefile
config.status:1081: creating data/levels/soko/skinner_sasquatch02/Makefile
config.status:1081: creating data/levels/soko/skinner_sasquatch03/Makefile
config.status:1081: creating data/levels/soko/skinner_sasquatch04/Makefile
config.status:1081: creating data/levels/soko/skinner_sasquatch05/Makefile
config.status:1081: creating data/levels/soko/skinner_sasquatch06/Makefile
config.status:1081: creating data/levels/soko/skinner_sasquatch07/Makefile
config.status:1081: creating data/levels/soko/skinner_sasquatch08/Makefile
config.status:1081: creating data/levels/soko/skinner_sasquatch09/Makefile
config.status:1081: creating data/levels/soko/skinner_sasquatch10/Makefile
config.status:1081: creating data/levels/soko/skinner_sasquatch11/Makefile
config.status:1081: creating data/levels/soko/skinner_sasquatch12/Makefile
config.status:1081: creating data/levels/lib/Makefile
config.status:1081: creating data/levels/patches/Makefile
config.status:1081: creating data/fonts/Makefile
config.status:1081: creating data/music/Makefile
config.status:1081: creating data/music/game/Makefile
config.status:1081: creating data/music/menu/Makefile
config.status:1081: creating data/soundsets/Makefile
config.status:1081: creating data/soundsets/enigma/Makefile
config.status:1081: creating data/schemas/Makefile
config.status:1081: creating doc/Makefile
config.status:1081: creating doc/images/Makefile
config.status:1081: creating doc/images/flags25x15/Makefile
config.status:1081: creating doc/manual/Makefile
config.status:1081: creating doc/manual/images/Makefile
config.status:1081: creating doc/reference/Makefile
config.status:1081: creating doc/reference/images/Makefile
config.status:1081: creating etc/Makefile
config.status:1081: creating lib-src/Makefile
config.status:1081: creating lib-src/oxydlib/Makefile
config.status:1081: creating lib-src/lua/Makefile
config.status:1081: creating lib-src/enigma-core/Makefile
config.status:1081: creating src/Makefile
config.status:1081: creating tools/Makefile
config.status:1081: creating etc/enigma.spec
config.status:1081: creating etc/enigma.nsi
config.status:1081: creating etc/Info.plist
config.status:1081: creating po/Makefile.in
config.status:1081: creating etc/mingw32-dist.sh
config.status:1081: creating src/config.h
config.status:1262: src/config.h is unchanged
config.status:1310: executing depfiles commands
config.status:1310: executing default-1 commands
configure:12622: === configuring in lib-src/zipios++ (/opt/Enigma-for-RetroFW/lib-src/zipios++)
configure:12685: running /bin/bash ./configure --disable-option-checking '--prefix=/opt/buildroot/output/host/usr/mipsel-buildroot-linux-uclibc/sysroot/usr'  '--build=x86_64' '--host=mipsel-buildroot-linux-uclibc' '--includedir=/opt/buildroot/output/host/usr/mipsel-buildroot-linux-uclibc/sysroot/usr/include' '--sysconfdir=/opt/buildroot/output/host/etc' '--with-sysroot=/opt/buildroot/output/host/usr/mipsel-buildroot-linux-uclibc/sysroot' '--with-sdl-exec-prefix=/opt/buildroot/output/host/usr/mipsel-buildroot-linux-uclibc/sysroot/usr' 'build_alias=x86_64' 'host_alias=mipsel-buildroot-linux-uclibc' --cache-file=/dev/null --srcdir=.
configure:12622: === configuring in lib-src/enet (/opt/Enigma-for-RetroFW/lib-src/enet)
configure:12685: running /bin/bash ./configure --disable-option-checking '--prefix=/opt/buildroot/output/host/usr/mipsel-buildroot-linux-uclibc/sysroot/usr'  '--build=x86_64' '--host=mipsel-buildroot-linux-uclibc' '--includedir=/opt/buildroot/output/host/usr/mipsel-buildroot-linux-uclibc/sysroot/usr/include' '--sysconfdir=/opt/buildroot/output/host/etc' '--with-sysroot=/opt/buildroot/output/host/usr/mipsel-buildroot-linux-uclibc/sysroot' '--with-sdl-exec-prefix=/opt/buildroot/output/host/usr/mipsel-buildroot-linux-uclibc/sysroot/usr' 'build_alias=x86_64' 'host_alias=mipsel-buildroot-linux-uclibc' --cache-file=/dev/null --srcdir=.
configure:12714: result:

Enigma is now configured

   Source directory:    .
   Installation prefix: /opt/buildroot/output/host/usr/mipsel-buildroot-linux-uclibc/sysroot/usr
   C++ compiler:        mipsel-buildroot-linux-uclibc-g++  -DENABLE_ASSERT -g -DCXXLUA
   Libraries:           -lcurl -lxerces-c -lpng 
   Linker options:      
   Languages:		de fr nl it es sv ru hu pt fi uk be el pl cs gd hr sk da

If these values seem to make sense, you can now run make.


## ---------------- ##
## Cache variables. ##
## ---------------- ##

ac_cv_build=x86_64-pc-none
ac_cv_c_compiler_gnu=yes
ac_cv_c_const=yes
ac_cv_c_inline=inline
ac_cv_cxx_compiler_gnu=yes
ac_cv_env_CCC_set=
ac_cv_env_CCC_value=
ac_cv_env_CC_set=
ac_cv_env_CC_value=
ac_cv_env_CFLAGS_set=
ac_cv_env_CFLAGS_value=
ac_cv_env_CPPFLAGS_set=
ac_cv_env_CPPFLAGS_value=
ac_cv_env_CPP_set=
ac_cv_env_CPP_value=
ac_cv_env_CXXFLAGS_set=
ac_cv_env_CXXFLAGS_value=
ac_cv_env_CXX_set=
ac_cv_env_CXX_value=
ac_cv_env_LDFLAGS_set=
ac_cv_env_LDFLAGS_value=
ac_cv_env_LIBS_set=
ac_cv_env_LIBS_value=
ac_cv_env_build_alias_set=set
ac_cv_env_build_alias_value=x86_64
ac_cv_env_host_alias_set=set
ac_cv_env_host_alias_value=mipsel-buildroot-linux-uclibc
ac_cv_env_target_alias_set=
ac_cv_env_target_alias_value=
ac_cv_func___argz_count=no
ac_cv_func___argz_next=no
ac_cv_func___argz_stringify=no
ac_cv_func___fsetlocking=yes
ac_cv_func_alloca_works=yes
ac_cv_func_asprintf=yes
ac_cv_func_fwprintf=yes
ac_cv_func_getcwd=yes
ac_cv_func_getegid=yes
ac_cv_func_geteuid=yes
ac_cv_func_getgid=yes
ac_cv_func_getpagesize=yes
ac_cv_func_getuid=yes
ac_cv_func_mempcpy=yes
ac_cv_func_mmap_fixed_mapped=no
ac_cv_func_munmap=yes
ac_cv_func_putenv=yes
ac_cv_func_setenv=yes
ac_cv_func_setlocale=yes
ac_cv_func_snprintf=yes
ac_cv_func_stpcpy=yes
ac_cv_func_strcasecmp=yes
ac_cv_func_strdup=yes
ac_cv_func_strtoul=yes
ac_cv_func_tsearch=yes
ac_cv_func_wcslen=yes
ac_cv_gnu_library_2_1=yes
ac_cv_have_decl__snprintf=no
ac_cv_have_decl__snwprintf=no
ac_cv_have_decl_feof_unlocked=yes
ac_cv_have_decl_fgets_unlocked=yes
ac_cv_have_decl_getc_unlocked=yes
ac_cv_header_argz_h=no
ac_cv_header_dirent_h=yes
ac_cv_header_inttypes_h=yes
ac_cv_header_limits_h=yes
ac_cv_header_locale_h=yes
ac_cv_header_malloc_h=yes
ac_cv_header_memory_h=yes
ac_cv_header_minix_config_h=no
ac_cv_header_nl_types_h=yes
ac_cv_header_stdc=yes
ac_cv_header_stddef_h=yes
ac_cv_header_stdint_h=yes
ac_cv_header_stdlib_h=yes
ac_cv_header_string_h=yes
ac_cv_header_strings_h=yes
ac_cv_header_sys_param_h=yes
ac_cv_header_sys_stat_h=yes
ac_cv_header_sys_types_h=yes
ac_cv_header_unistd_h=yes
ac_cv_host=mipsel-buildroot-linux-uclibc
ac_cv_lib_SDL_image_IMG_Init=yes
ac_cv_lib_SDL_image_main=yes
ac_cv_lib_SDL_mixer_Mix_Init=yes
ac_cv_lib_SDL_mixer_Mix_QuickLoad_RAW=yes
ac_cv_lib_SDL_mixer_main=yes
ac_cv_lib_SDL_ttf_main=yes
ac_cv_lib_cposix_strerror=no
ac_cv_lib_png_png_create_write_struct=yes
ac_cv_objext=o
ac_cv_path_CONVERT=/usr/bin/convert
ac_cv_path_EGREP='/usr/bin/grep -E'
ac_cv_path_GMSGFMT=/usr/bin/msgfmt
ac_cv_path_GREP=/usr/bin/grep
ac_cv_path_MSGFMT=/usr/bin/msgfmt
ac_cv_path_MSGMERGE=/usr/bin/msgmerge
ac_cv_path_PDFLATEX=
ac_cv_path_SDL_CONFIG=/opt/buildroot/output/host/usr/mipsel-buildroot-linux-uclibc/sysroot/usr/bin/sdl-config
ac_cv_path_TEXI2HTML=/usr/bin/texi2html
ac_cv_path_XGETTEXT=/usr/bin/xgettext
ac_cv_path_install='/usr/bin/install -c'
ac_cv_path_mkdir=/usr/bin/mkdir
ac_cv_prog_AWK=gawk
ac_cv_prog_CC=mipsel-buildroot-linux-uclibc-gcc
ac_cv_prog_CPP='mipsel-buildroot-linux-uclibc-gcc -E'
ac_cv_prog_CXX=mipsel-buildroot-linux-uclibc-g++
ac_cv_prog_RANLIB=mipsel-buildroot-linux-uclibc-ranlib
ac_cv_prog_STRIP=mipsel-buildroot-linux-uclibc-strip
ac_cv_prog_cc_c89=
ac_cv_prog_cc_g=yes
ac_cv_prog_cc_mipsel_buildroot_linux_uclibc_gcc_c_o=yes
ac_cv_prog_cxx_g=yes
ac_cv_prog_make_make_set=yes
ac_cv_safe_to_define___extensions__=yes
ac_cv_search_dlopen='none required'
ac_cv_target=mipsel-buildroot-linux-uclibc
ac_cv_type_long_long=yes
ac_cv_type_off_t=yes
ac_cv_type_ptrdiff_t=yes
ac_cv_type_size_t=yes
ac_cv_type_unsigned_long_long=yes
ac_cv_working_alloca_h=yes
acl_cv_path_LD=/opt/buildroot/output/host/mipsel-buildroot-linux-uclibc/bin/ld
acl_cv_prog_gnu_ld=yes
acl_cv_rpath=done
am_cv_CC_dependencies_compiler_type=gcc3
am_cv_CXX_dependencies_compiler_type=gcc3
am_cv_func_iconv=yes
am_cv_langinfo_codeset=yes
am_cv_lib_iconv=yes
am_cv_proto_iconv='extern size_t iconv (iconv_t cd, char * *inbuf, size_t *inbytesleft, char * *outbuf, size_t *outbytesleft);'
am_cv_proto_iconv_arg1=
am_cv_val_LC_MESSAGES=yes
bh_cv_c_signed=yes
gt_cv_c_intmax_t=yes
gt_cv_c_long_double=yes
gt_cv_c_wchar_t=yes
gt_cv_c_wint_t=yes
gt_cv_func_gnugettext1_libc=no
gt_cv_func_gnugettext1_libintl=yes
gt_cv_func_printf_posix='guessing yes'
gt_cv_header_inttypes_h=yes
gt_cv_int_divbyzero_sigfpe='guessing no'
gt_cv_inttypes_pri_broken=no
jm_ac_cv_header_inttypes_h=yes
jm_ac_cv_header_stdint_h=yes
nls_cv_force_use_gnu_gettext=no
nls_cv_header_intl=
nls_cv_header_libgt=
nls_cv_use_gnu_gettext=no

## ----------------- ##
## Output variables. ##
## ----------------- ##

ACLOCAL='${SHELL} /opt/Enigma-for-RetroFW/missing --run aclocal-1.11'
ALLOCA=''
ALL_LINGUAS='de fr nl it es sv ru hu pt fi uk be el pl cs gd hr sk da'
AMDEPBACKSLASH='\'
AMDEP_FALSE='#'
AMDEP_TRUE=''
AMTAR='$${TAR-tar}'
AUTOCONF='${SHELL} /opt/Enigma-for-RetroFW/missing --run autoconf'
AUTOHEADER='${SHELL} /opt/Enigma-for-RetroFW/missing --run autoheader'
AUTOMAKE='${SHELL} /opt/Enigma-for-RetroFW/missing --run automake-1.11'
AWK='gawk'
BUILDTOOLS_FALSE=''
BUILDTOOLS_TRUE='#'
BUILDTTF2BMF_FALSE=''
BUILDTTF2BMF_TRUE='#'
BUILD_INCLUDED_LIBINTL='no'
CATOBJEXT='.gmo'
CC='mipsel-buildroot-linux-uclibc-gcc'
CCDEPMODE='depmode=gcc3'
CFLAGS='-g -O2'
CONVERT='/usr/bin/convert'
CPP='mipsel-buildroot-linux-uclibc-gcc -E'
CPPFLAGS=''
CXX='mipsel-buildroot-linux-uclibc-g++'
CXXDEPMODE='depmode=gcc3'
CXXFLAGS=' -DENABLE_ASSERT -g -DCXXLUA'
CXXLUA_FALSE='#'
CXXLUA_TRUE=''
CYGPATH_W='echo'
DATADIRNAME='share'
DEFS='-DHAVE_CONFIG_H'
DEPDIR='.deps'
ECHO_C=''
ECHO_N='-n'
ECHO_T=''
EGREP='/usr/bin/grep -E'
EXEEXT=''
GENCAT='gencat'
GLIBC21='yes'
GMSGFMT='/usr/bin/msgfmt'
GREP='/usr/bin/grep'
HAVE_ASPRINTF='1'
HAVE_POSIX_PRINTF='1'
HAVE_SNPRINTF='1'
HAVE_WPRINTF='0'
INSTALL_DATA='${INSTALL} -m 644'
INSTALL_PROGRAM='${INSTALL}'
INSTALL_SCRIPT='${INSTALL}'
INSTALL_STRIP_PROGRAM='$(install_sh) -c -s'
INSTOBJEXT='.mo'
INTLBISON=':'
INTLLIBS='-lintl'
INTLOBJS=''
INTL_LIBTOOL_SUFFIX_PREFIX=''
LDFLAGS=''
LIBICONV='-liconv'
LIBINTL='-lintl'
LIBOBJS=''
LIBS='-lcurl -lxerces-c -lpng '
LINUX_FALSE='#'
LINUX_TRUE=''
LTLIBICONV='-liconv'
LTLIBINTL='-lintl'
LTLIBOBJS=''
MAKEINFO='${SHELL} /opt/Enigma-for-RetroFW/missing --run makeinfo'
MINGW32_FALSE=''
MINGW32_TRUE='#'
MKDIR_P='/usr/bin/mkdir -p'
MKINSTALLDIRS='$(top_builddir)/./mkinstalldirs'
MSGFMT='/usr/bin/msgfmt'
MSGMERGE='/usr/bin/msgmerge'
OBJEXT='o'
PACKAGE='enigma'
PACKAGE_BUGREPORT=''
PACKAGE_NAME='enigma'
PACKAGE_STRING='enigma 1.21'
PACKAGE_TARNAME='enigma'
PACKAGE_URL=''
PACKAGE_VERSION='1.21'
PATH_SEPARATOR=':'
PDFLATEX=''
POSUB='po'
RANLIB='mipsel-buildroot-linux-uclibc-ranlib'
SDL_CFLAGS='-I/opt/buildroot/output/host/mipsel-buildroot-linux-uclibc/sysroot/usr/include/SDL -D_GNU_SOURCE=1 -D_REENTRANT'
SDL_CONFIG='/opt/buildroot/output/host/usr/mipsel-buildroot-linux-uclibc/sysroot/usr/bin/sdl-config'
SDL_LIBS='-L/opt/buildroot/output/host/usr/mipsel-buildroot-linux-uclibc/sysroot/usr/lib -lSDL -lpthread -lSDL_image -lSDL_mixer -lSDL_ttf'
SET_MAKE=''
SHELL='/bin/bash'
STRIP='mipsel-buildroot-linux-uclibc-strip'
TEXI2HTML='/usr/bin/texi2html'
TOLUA='$(top_builddir)/tools/tolua'
USE_INCLUDED_LIBINTL='no'
USE_NLS='yes'
VERSION='1.21'
WINDRES='windres'
XGETTEXT='/usr/bin/xgettext'
ac_ct_CC=''
ac_ct_CXX=''
am__EXEEXT_FALSE=''
am__EXEEXT_TRUE='#'
am__fastdepCC_FALSE='#'
am__fastdepCC_TRUE=''
am__fastdepCXX_FALSE='#'
am__fastdepCXX_TRUE=''
am__include='include'
am__isrc=''
am__leading_dot='.'
am__nodep='_no'
am__quote=''
am__tar='$${TAR-tar} chof - "$$tardir"'
am__untar='$${TAR-tar} xf -'
bindir='${exec_prefix}/bin'
build='x86_64-pc-none'
build_alias='x86_64'
build_cpu='x86_64'
build_os='none'
build_vendor='pc'
datadir='${datarootdir}'
datarootdir='${prefix}/share'
docdir='${datarootdir}/doc/${PACKAGE_TARNAME}'
dvidir='${docdir}'
exec_prefix='${prefix}'
host='mipsel-buildroot-linux-uclibc'
host_alias='mipsel-buildroot-linux-uclibc'
host_cpu='mipsel'
host_os='linux-uclibc'
host_vendor='buildroot'
htmldir='${docdir}'
includedir='/opt/buildroot/output/host/usr/mipsel-buildroot-linux-uclibc/sysroot/usr/include'
infodir='${datarootdir}/info'
install_sh='${SHELL} /opt/Enigma-for-RetroFW/install-sh'
libdir='${exec_prefix}/lib'
libexecdir='${exec_prefix}/libexec'
localedir='${datarootdir}/locale'
localstatedir='${prefix}/var'
mandir='${datarootdir}/man'
mkdir_p='/usr/bin/mkdir -p'
oldincludedir='/usr/include'
pdfdir='${docdir}'
prefix='/opt/buildroot/output/host/usr/mipsel-buildroot-linux-uclibc/sysroot/usr'
program_transform_name='s,x,x,'
psdir='${docdir}'
sbindir='${exec_prefix}/sbin'
sharedstatedir='${prefix}/com'
subdirs=' lib-src/zipios++ lib-src/enet'
sysconfdir='/opt/buildroot/output/host/etc'
target='mipsel-buildroot-linux-uclibc'
target_alias=''
target_cpu='mipsel'
target_os='linux-uclibc'
target_vendor='buildroot'

## ----------- ##
## confdefs.h. ##
## ----------- ##

/* confdefs.h */
#define PACKAGE_NAME "enigma"
#define PACKAGE_TARNAME "enigma"
#define PACKAGE_VERSION "1.21"
#define PACKAGE_STRING "enigma 1.21"
#define PACKAGE_BUGREPORT ""
#define PACKAGE_URL ""
#define STDC_HEADERS 1
#define HAVE_SYS_TYPES_H 1
#define HAVE_SYS_STAT_H 1
#define HAVE_STDLIB_H 1
#define HAVE_STRING_H 1
#define HAVE_MEMORY_H 1
#define HAVE_STRINGS_H 1
#define HAVE_INTTYPES_H 1
#define HAVE_STDINT_H 1
#define HAVE_UNISTD_H 1
#define __EXTENSIONS__ 1
#define _ALL_SOURCE 1
#define _GNU_SOURCE 1
#define _POSIX_PTHREAD_SEMANTICS 1
#define _TANDEM_SOURCE 1
#define HAVE_LONG_LONG 1
#define HAVE_LONG_DOUBLE 1
#define HAVE_WCHAR_T 1
#define HAVE_WINT_T 1
#define HAVE_INTTYPES_H_WITH_UINTMAX 1
#define HAVE_STDINT_H_WITH_UINTMAX 1
#define HAVE_INTMAX_T 1
#define HAVE_POSIX_PRINTF 1
#define HAVE_ALLOCA_H 1
#define HAVE_ALLOCA 1
#define HAVE_STDLIB_H 1
#define HAVE_UNISTD_H 1
#define HAVE_SYS_PARAM_H 1
#define HAVE_GETPAGESIZE 1
#define INTDIV0_RAISES_SIGFPE 0
#define HAVE_UNSIGNED_LONG_LONG 1
#define HAVE_UINTMAX_T 1
#define HAVE_INTTYPES_H 1
#define HAVE_STDINT_H 1
#define HAVE_STDINT_H 1
#define HAVE_LIMITS_H 1
#define HAVE_LOCALE_H 1
#define HAVE_NL_TYPES_H 1
#define HAVE_MALLOC_H 1
#define HAVE_STDDEF_H 1
#define HAVE_STDLIB_H 1
#define HAVE_STRING_H 1
#define HAVE_UNISTD_H 1
#define HAVE_SYS_PARAM_H 1
#define HAVE_ASPRINTF 1
#define HAVE_FWPRINTF 1
#define HAVE_GETCWD 1
#define HAVE_GETEGID 1
#define HAVE_GETEUID 1
#define HAVE_GETGID 1
#define HAVE_GETUID 1
#define HAVE_MEMPCPY 1
#define HAVE_MUNMAP 1
#define HAVE_PUTENV 1
#define HAVE_SETENV 1
#define HAVE_SETLOCALE 1
#define HAVE_SNPRINTF 1
#define HAVE_STPCPY 1
#define HAVE_STRCASECMP 1
#define HAVE_STRDUP 1
#define HAVE_STRTOUL 1
#define HAVE_TSEARCH 1
#define HAVE_WCSLEN 1
#define HAVE___FSETLOCKING 1
#define HAVE_DECL__SNPRINTF 0
#define HAVE_DECL__SNWPRINTF 0
#define HAVE_DECL_FEOF_UNLOCKED 1
#define HAVE_DECL_FGETS_UNLOCKED 1
#define HAVE_DECL_GETC_UNLOCKED 1
#define HAVE_ICONV 1
#define ICONV_CONST 
#define HAVE_LANGINFO_CODESET 1
#define HAVE_LC_MESSAGES 1
#define ENABLE_NLS 1
#define HAVE_GETTEXT 1
#define HAVE_DCGETTEXT 1
#define HAVE_DIRENT_H 1
#define HAVE_LIBSDL_IMAGE 1
#define SDL_IMG_INIT /**/
#define HAVE_LIBSDL_MIXER 1
#define SDL_MIX_INIT /**/
#define HAVE_LIBSDL_TTF 1
#define HAVE_LIBPNG 1
#define HAVE_LIBXERCES_C 1
#define HAVE_LIBCURL 1

configure: exit 0
